#
# A fatal error has been detected by the Java Runtime Environment:
#
#  EXCEPTION_ACCESS_VIOLATION (0xc0000005) at pc=0x000002e9e4370fef, pid=3408, tid=10336
#
# JRE version: OpenJDK Runtime Environment Temurin-22.0.2+9 (22.0.2+9) (build 22.0.2+9)
# Java VM: OpenJDK 64-Bit Server VM Temurin-22.0.2+9 (22.0.2+9, mixed mode, emulated-client, tiered, compressed oops, compressed class ptrs, g1 gc, windows-amd64)
# Problematic frame:
# v  ~BufferBlob::MethodHandles adapters 0x000002e9e4370fef
#
# No core dump will be written. Minidumps are not enabled by default on client versions of Windows
#
# If you would like to submit a bug report, please visit:
#   https://github.com/adoptium/adoptium-support/issues
#

---------------  S U M M A R Y ------------

Command Line: -XX:+ShowCodeDetailsInExceptionMessages -agentlib:jdwp=transport=dt_socket,suspend=y,address=localhost:53580 -Dcom.sun.management.jmxremote -Dcom.sun.management.jmxremote.port=53579 -Dcom.sun.management.jmxremote.authenticate=false -Dcom.sun.management.jmxremote.ssl=false -Djava.rmi.server.hostname=localhost -Dspring.jmx.enabled=true -Dmanagement.endpoints.jmx.exposure.include=* -Dspring.application.admin.enabled=true -XX:TieredStopAtLevel=1 -Dspring.boot.project.name=fit4life -javaagent:C:\Users\SADHANA\eclipse\jee-2024-06\eclipse\configuration\org.eclipse.osgi\448\0\.cp\lib\javaagent-shaded.jar -Dfile.encoding=UTF-8 -Dstdout.encoding=UTF-8 -Dstderr.encoding=UTF-8 com.ojt.project.Fit4LifeApplication --spring.output.ansi.enabled=always

Host: Intel(R) Core(TM) i5-8365U CPU @ 1.60GHz, 8 cores, 7G,  Windows 11 , 64 bit Build 22621 (10.0.22621.3958)
Time: Thu Sep 12 04:19:27 2024 India Standard Time elapsed time: 1797.464127 seconds (0d 0h 29m 57s)

---------------  T H R E A D  ---------------

Current thread (0x000002e9f1c3d150):  JavaThread "restartedMain"        [_thread_in_Java, id=10336, stack(0x000000ecb0a00000,0x000000ecb0b00000) (1024K)]

Stack: [0x000000ecb0a00000,0x000000ecb0b00000],  sp=0x000000ecb0afd978,  free space=1014k
Native frames: (J=compiled Java code, j=interpreted, Vv=VM code, C=native code)
C  0x000002e9e4370fef  (no source info available)

The last pc belongs to _linkToSpecial (printed below).

siginfo: EXCEPTION_ACCESS_VIOLATION (0xc0000005), reading address 0xfffffffffffffff7


Registers:
RAX=0x000002e9e43490e6, RBX=0x00000000875204a8, RCX=0xfffffffffffffff7, RDX=0x0000000000000002
RSP=0x000000ecb0afd978, RBP=0x000000ecb0afd9c8, RSI=0x000002e9f2721168, RDI=0x000002e9f994ca90
R8 =0x0000000000000004, R9 =0x0000000000000004, R10=0x00007ffe74020cc0, R11=0x000002e9ed3d2cd8
R12=0x0000000000000000, R13=0x000000ecb0afd978, R14=0x000000ecb0afd9e8, R15=0x000002e9f1c3d150
RIP=0x000002e9e4370fef, EFLAGS=0x0000000000010202


Register to memory mapping:

RAX=0x000002e9e43490e6 is at code_begin+3174 in an Interpreter codelet
return entry points  [0x000002e9e4348480, 0x000002e9e434a388]  7944 bytes
RBX=0x00000000875204a8 is an oop: com.ojt.project.UserController 
{0x00000000875204a8} - klass: 'com/ojt/project/UserController'
 - ---- fields (total size 2 words):
 - private 'userService' 'Lcom/ojt/project/service/UserService;' @12  null (0x00000000)
RCX=0xfffffffffffffff7 is an unknown value
RDX=0x0000000000000002 is an unknown value
RSP=0x000000ecb0afd978 is pointing into the stack for thread: 0x000002e9f1c3d150
RBP=0x000000ecb0afd9c8 is pointing into the stack for thread: 0x000002e9f1c3d150
RSI=0x000002e9f2721168 points into unknown readable memory: 0x80000f0010bfcc04 | 04 cc bf 10 00 0f 00 80
RDI=0x000002e9f994ca90 points into unknown readable memory: 0x0000001800000070 | 70 00 00 00 18 00 00 00
R8 =0x0000000000000004 is an unknown value
R9 =0x0000000000000004 is an unknown value
R10=0x00007ffe74020cc0 jvm.dll
R11={method} {0x000002e9ed3d2ce0} 'newInvokeSpecial' '(Ljava/lang/Object;)Ljava/lang/Object;' in 'java/lang/invoke/DirectMethodHandle$Holder'
R12=0x0 is null
R13=0x000000ecb0afd978 is pointing into the stack for thread: 0x000002e9f1c3d150
R14=0x000000ecb0afd9e8 is pointing into the stack for thread: 0x000002e9f1c3d150
R15=0x000002e9f1c3d150 is a thread

Top of Stack: (sp=0x000000ecb0afd978)
0x000000ecb0afd978:   000002e9e43490e6 fffffffffffffff7
0x000000ecb0afd988:   000002e9ed3d2cc7 0000000000000004
0x000000ecb0afd998:   000002e9ed3d7848 00007ffec78a2bc0
0x000000ecb0afd9a8:   000000008344e988 000002e9ed3d2cd8
0x000000ecb0afd9b8:   fffffffffffffff6 000000ecb0afd9f0
0x000000ecb0afd9c8:   000000ecb0afdd60 000002e9e46ea123
0x000000ecb0afd9d8:   0000000087520400 00000000875204a8
0x000000ecb0afd9e8:   0000000087520460 000000ecb0afdd60
0x000000ecb0afd9f8:   000002e9e46ef6a4 000002e9f16dc418
0x000000ecb0afda08:   000002e9e08584d0 000000ecb0afdd60
0x000000ecb0afda18:   000002e9e4e320ec 000002e9e47dd278
0x000000ecb0afda28:   00007ffe739c8693 000002e9e4adbccc
0x000000ecb0afda38:   000002e9ee0c3c6e 000000ecb0afb2b0
0x000000ecb0afda48:   000002e9ee0c3c6e 0000000000000004
0x000000ecb0afda58:   000002e9f940d470 0000000000000000
0x000000ecb0afda68:   000002e9f940d480 000000008344ddb8
0x000000ecb0afda78:   0000000085a7db08 0000000087520088
0x000000ecb0afda88:   0000000087520088 0000000085a7db08
0x000000ecb0afda98:   0000000000000000 0000000087520490
0x000000ecb0afdaa8:   0000000087520218 000000ecb0afdd60
0x000000ecb0afdab8:   000002e9e4e32dbc 0000000000000000
0x000000ecb0afdac8:   0000000000000000 000000ecb0afdd60
0x000000ecb0afdad8:   000002e9e46dd95c 0000000087520460
0x000000ecb0afdae8:   0000000000000000 0000000000000000
0x000000ecb0afdaf8:   0000000000000000 000002e9f1c3d150
0x000000ecb0afdb08:   0000000000000000 00000000875201c0
0x000000ecb0afdb18:   0000000000000000 0000000087520088
0x000000ecb0afdb28:   0000000087520490 00000000875201c0
0x000000ecb0afdb38:   0000000000000000 0000000000000000
0x000000ecb0afdb48:   000002e9e46e982c 000000ecb0afdd60
0x000000ecb0afdb58:   000002e9e46dc44a 0000000000000000
0x000000ecb0afdb68:   000002e9e462f681 000000ecb0afdc00 

Instructions: (pc=0x000002e9e4370fef)
0x000002e9e4370eef:   00 00 00 00 00 00 00 00 00 00 00 00 00 00 00 00
0x000002e9e4370eff:   00 f4 66 66 66 0f 1f 84 00 00 00 00 00 66 66 66
0x000002e9e4370f0f:   90 66 66 66 0f 1f 84 00 00 00 00 00 66 66 66 90
0x000002e9e4370f1f:   90 48 8b 53 08 0f b7 52 2e 48 8b 0c d4 8b 59 14
0x000002e9e4370f2f:   8b 5b 28 8b 5b 24 48 8b 5b 10 48 85 db 0f 84 10
0x000002e9e4370f3f:   00 00 00 41 80 bf e8 05 00 00 00 74 03 ff 63 38
0x000002e9e4370f4f:   ff 63 50 e9 a9 16 00 00 66 0f 1f 84 00 00 00 00
0x000002e9e4370f5f:   00 48 8b 53 08 0f b7 52 2e 48 8b 0c d4 58 5b 50
0x000002e9e4370f6f:   44 8b 51 08 4c 8b 5b 10 4b 8b 9c da c8 01 00 00
0x000002e9e4370f7f:   48 85 db 0f 84 10 00 00 00 41 80 bf e8 05 00 00
0x000002e9e4370f8f:   00 74 03 ff 63 38 ff 63 50 e9 63 16 00 00 66 66
0x000002e9e4370f9f:   90 58 5b 50 8b 5b 24 48 8b 5b 10 48 85 db 0f 84
0x000002e9e4370faf:   10 00 00 00 41 80 bf e8 05 00 00 00 74 03 ff 63
0x000002e9e4370fbf:   38 ff 63 50 e9 38 16 00 00 66 66 66 0f 1f 84 00
0x000002e9e4370fcf:   00 00 00 00 66 66 66 90 66 0f 1f 84 00 00 00 00
0x000002e9e4370fdf:   00 48 8b 53 08 0f b7 52 2e 48 8b 0c d4 58 5b 50
0x000002e9e4370fef:   48 3b 01 8b 5b 24 48 8b 5b 10 48 85 db 0f 84 10
0x000002e9e4370fff:   00 00 00 41 80 bf e8 05 00 00 00 74 03 ff 63 38
0x000002e9e437100f:   ff 63 50 e9 e9 15 00 00 66 0f 1f 84 00 00 00 00
0x000002e9e437101f:   00 48 8b 53 08 0f b7 52 2e 48 8b 0c d4 58 5b 50
0x000002e9e437102f:   44 8b 51 08 8b 43 18 48 8b 40 10 48 8b 5b 10 45
0x000002e9e437103f:   8b 9a a0 00 00 00 4f 8d 9c da c8 01 00 00 4d 8d
0x000002e9e437104f:   14 da 49 8b 1b 48 3b c3 74 15 48 85 db 0f 84 32
0x000002e9e437105f:   00 00 00 49 83 c3 10 49 8b 1b 48 3b c3 75 eb 45
0x000002e9e437106f:   8b 5b 08 4b 8b 1c 1a 48 85 db 0f 84 10 00 00 00
0x000002e9e437107f:   41 80 bf e8 05 00 00 00 74 03 ff 63 38 ff 63 50
0x000002e9e437108f:   e9 6c 15 00 00 e9 67 12 00 00 f4 00 00 00 00 00
0x000002e9e437109f:   00 00 00 00 00 00 00 00 00 00 00 00 00 00 00 00
0x000002e9e43710af:   00 00 00 00 00 00 00 00 00 00 00 00 00 00 00 00
0x000002e9e43710bf:   00 00 00 00 00 00 00 00 00 00 00 00 00 00 00 00
0x000002e9e43710cf:   00 00 00 00 00 00 00 00 00 00 00 00 00 00 00 00
0x000002e9e43710df:   00 00 00 00 00 00 00 00 00 00 00 00 00 00 00 00 


Stack slot to memory mapping:

stack at sp + 0 slots: 0x000002e9e43490e6 is at code_begin+3174 in an Interpreter codelet
return entry points  [0x000002e9e4348480, 0x000002e9e434a388]  7944 bytes
stack at sp + 1 slots: 0xfffffffffffffff7 is an unknown value
stack at sp + 2 slots: 0x000002e9ed3d2cc7 is pointing into metadata
stack at sp + 3 slots: 0x0000000000000004 is an unknown value
stack at sp + 4 slots: 0x000002e9ed3d7848 is pointing into metadata
stack at sp + 5 slots: 0x00007ffec78a2bc0 jdwp.dll
stack at sp + 6 slots: 0x000000008344e988 is an oop: java.lang.Class 
{0x000000008344e988} - klass: 'java/lang/Class'
 - ---- fields (total size 14 words):
 - private volatile transient 'classRedefinedCount' 'I' @12  0 (0x00000000)
 - injected 'klass' 'J' @16  805516320 (0x0000000030033420)
 - injected 'array_klass' 'J' @24  0 (0x0000000000000000)
 - injected 'oop_size' 'I' @32  14 (0x0000000e)
 - injected 'static_oop_field_count' 'I' @36  0 (0x00000000)
 - private volatile transient 'cachedConstructor' 'Ljava/lang/reflect/Constructor;' @40  null (0x00000000)
 - private transient 'name' 'Ljava/lang/String;' @44  null (0x00000000)
 - private transient 'module' 'Ljava/lang/Module;' @48  a 'java/lang/Module'{0x0000000083464500} (0x83464500)
 - private final 'classLoader' 'Ljava/lang/ClassLoader;' @52  null (0x00000000)
 - private transient 'classData' 'Ljava/lang/Object;' @56  null (0x00000000)
 - private transient 'packageName' 'Ljava/lang/String;' @60  null (0x00000000)
 - private final 'componentType' 'Ljava/lang/Class;' @64  null (0x00000000)
 - private volatile transient 'reflectionData' 'Ljava/lang/ref/SoftReference;' @68  null (0x00000000)
 - private volatile transient 'genericInfo' 'Lsun/reflect/generics/repository/ClassRepository;' @72  null (0x00000000)
 - private volatile transient 'enumConstants' '[Ljava/lang/Object;' @76  null (0x00000000)
 - private volatile transient 'enumConstantDirectory' 'Ljava/util/Map;' @80  null (0x00000000)
 - private volatile transient 'annotationData' 'Ljava/lang/Class$AnnotationData;' @84  null (0x00000000)
 - private volatile transient 'annotationType' 'Lsun/reflect/annotation/AnnotationType;' @88  null (0x00000000)
 - transient 'classValueMap' 'Ljava/lang/ClassValue$ClassValueMap;' @92  null (0x00000000)
 - injected 'protection_domain' 'Ljava/lang/Object;' @96  null (0x00000000)
 - injected 'signers_name' 'Ljava/lang/Object;' @100  null (0x00000000)
 - injected 'source_file' 'Ljava/lang/Object;' @104  null (0x00000000)
 - signature: Ljava/lang/invoke/DirectMethodHandle$Holder;
 - ---- static fields (0):
stack at sp + 7 slots: {method} {0x000002e9ed3d2ce0} 'newInvokeSpecial' '(Ljava/lang/Object;)Ljava/lang/Object;' in 'java/lang/invoke/DirectMethodHandle$Holder'

MethodHandle::interpreter_entry::_linkToSpecial [0x000002e9e4370fc8, 0x000002e9e4371017] (79 bytes)
[MachCode]
  0x000002e9e4370fc8: 6666 660f | 1f84 0000 | 0000 0066 | 6666 9066 | 0f1f 8400 | 0000 0000 | 488b 5308 | 0fb7 522e 
  0x000002e9e4370fe8: 488b 0cd4 | 585b 5048 | 3b01 8b5b | 2448 8b5b | 1048 85db | 0f84 1000 | 0000 4180 | bfe8 0500 
  0x000002e9e4371008: 0000 7403 | ff63 38ff | 6350 e9e9 | 
[/MachCode]

---------------  P R O C E S S  ---------------

Threads class SMR info:
_java_thread_list=0x000002e9f94c2390, length=29, elements={
0x000002e9ec731fe0, 0x000002e9ec732bc0, 0x000002e9ec720fa0, 0x000002e9ec73dee0,
0x000002e9ec71f9e0, 0x000002e9ec720050, 0x000002e9ec716100, 0x000002e9ec88e2c0,
0x000002e9ec998e40, 0x000002e9ec99b770, 0x000002e9ec9a3f40, 0x000002e9f14586b0,
0x000002e9f1687ab0, 0x000002e9f168c4f0, 0x000002e9f168f860, 0x000002e9f1a6f0d0,
0x000002e9f1b2e440, 0x000002e9f1c3eb90, 0x000002e9f26faaa0, 0x000002e9f26ff960,
0x000002e9f26ffff0, 0x000002e9f2700680, 0x000002e9f2700d10, 0x000002e9f9787ff0,
0x000002e9f1c3d150, 0x000002e9f1c3f220, 0x000002e9f1c3d7e0, 0x000002e9f1c3f8b0,
0x000002e9f1c3ff40
}

Java Threads: ( => current thread )
  0x000002e9ec731fe0 JavaThread "Reference Handler"          daemon [_thread_blocked, id=5232, stack(0x000000ecb1500000,0x000000ecb1600000) (1024K)]
  0x000002e9ec732bc0 JavaThread "Finalizer"                  daemon [_thread_blocked, id=10300, stack(0x000000ecb1600000,0x000000ecb1700000) (1024K)]
  0x000002e9ec720fa0 JavaThread "Signal Dispatcher"          daemon [_thread_blocked, id=13968, stack(0x000000ecb1700000,0x000000ecb1800000) (1024K)]
  0x000002e9ec73dee0 JavaThread "Attach Listener"            daemon [_thread_blocked, id=9708, stack(0x000000ecb1800000,0x000000ecb1900000) (1024K)]
  0x000002e9ec71f9e0 JavaThread "Service Thread"             daemon [_thread_blocked, id=4704, stack(0x000000ecb1900000,0x000000ecb1a00000) (1024K)]
  0x000002e9ec720050 JavaThread "Monitor Deflation Thread"   daemon [_thread_blocked, id=14828, stack(0x000000ecb1a00000,0x000000ecb1b00000) (1024K)]
  0x000002e9ec716100 JavaThread "C1 CompilerThread0"         daemon [_thread_blocked, id=14120, stack(0x000000ecb1b00000,0x000000ecb1c00000) (1024K)]
  0x000002e9ec88e2c0 JavaThread "Common-Cleaner"             daemon [_thread_blocked, id=7412, stack(0x000000ecb1c00000,0x000000ecb1d00000) (1024K)]
  0x000002e9ec998e40 JavaThread "JDWP Transport Listener: dt_socket" daemon [_thread_blocked, id=2236, stack(0x000000ecb1f00000,0x000000ecb2000000) (1024K)]
  0x000002e9ec99b770 JavaThread "JDWP Event Helper Thread"   daemon [_thread_blocked, id=13036, stack(0x000000ecb2000000,0x000000ecb2100000) (1024K)]
  0x000002e9ec9a3f40 JavaThread "JDWP Command Reader"        daemon [_thread_in_native, id=12704, stack(0x000000ecb2100000,0x000000ecb2200000) (1024K)]
  0x000002e9f14586b0 JavaThread "Notification Thread"        daemon [_thread_blocked, id=10228, stack(0x000000ecb2200000,0x000000ecb2300000) (1024K)]
  0x000002e9f1687ab0 JavaThread "RMI TCP Accept-0"           daemon [_thread_in_native, id=14036, stack(0x000000ecb2300000,0x000000ecb2400000) (1024K)]
  0x000002e9f168c4f0 JavaThread "RMI TCP Accept-53579"       daemon [_thread_in_native, id=12880, stack(0x000000ecb2400000,0x000000ecb2500000) (1024K)]
  0x000002e9f168f860 JavaThread "RMI TCP Accept-0"           daemon [_thread_in_native, id=6956, stack(0x000000ecb2500000,0x000000ecb2600000) (1024K)]
  0x000002e9f1a6f0d0 JavaThread "RMI Scheduler(0)"           daemon [_thread_blocked, id=15284, stack(0x000000ecb2e00000,0x000000ecb2f00000) (1024K)]
  0x000002e9f1b2e440 JavaThread "JMX server connection timeout 38" daemon [_thread_blocked, id=156, stack(0x000000ecb3000000,0x000000ecb3100000) (1024K)]
  0x000002e9f1c3eb90 JavaThread "mysql-cj-abandoned-connection-cleanup" daemon [_thread_blocked, id=13004, stack(0x000000ecb3800000,0x000000ecb3900000) (1024K)]
  0x000002e9f26faaa0 JavaThread "Live Reload Server"         daemon [_thread_in_native, id=13408, stack(0x000000ecb3c00000,0x000000ecb3d00000) (1024K)]
  0x000002e9f26ff960 JavaThread "DestroyJavaVM"                     [_thread_blocked, id=10988, stack(0x000000ecb0d00000,0x000000ecb0e00000) (1024K)]
  0x000002e9f26ffff0 JavaThread "RMI TCP Connection(idle)"   daemon [_thread_blocked, id=13628, stack(0x000000ecb3100000,0x000000ecb3200000) (1024K)]
  0x000002e9f2700680 JavaThread "RMI TCP Connection(4)-127.0.0.1" daemon [_thread_in_native, id=13516, stack(0x000000ecb3200000,0x000000ecb3300000) (1024K)]
  0x000002e9f2700d10 JavaThread "JMX server connection timeout 70" daemon [_thread_blocked, id=14664, stack(0x000000ecb4900000,0x000000ecb4a00000) (1024K)]
  0x000002e9f9787ff0 JavaThread "Thread-5"                          [_thread_blocked, id=12112, stack(0x000000ecb2f00000,0x000000ecb3000000) (1024K)]
=>0x000002e9f1c3d150 JavaThread "restartedMain"                     [_thread_in_Java, id=10336, stack(0x000000ecb0a00000,0x000000ecb0b00000) (1024K)]
  0x000002e9f1c3f220 JavaThread "Catalina-utility-1"                [_thread_blocked, id=13896, stack(0x000000ecb0b00000,0x000000ecb0c00000) (1024K)]
  0x000002e9f1c3d7e0 JavaThread "Catalina-utility-2"                [_thread_blocked, id=12836, stack(0x000000ecb3400000,0x000000ecb3500000) (1024K)]
  0x000002e9f1c3f8b0 JavaThread "container-0"                       [_thread_blocked, id=7200, stack(0x000000ecb3500000,0x000000ecb3600000) (1024K)]
  0x000002e9f1c3ff40 JavaThread "HikariPool-2 housekeeper"   daemon [_thread_blocked, id=7804, stack(0x000000ecb3600000,0x000000ecb3700000) (1024K)]
Total: 29

Other Threads:
  0x000002e9ec6996d0 VMThread "VM Thread"                           [id=5908, stack(0x000000ecb1400000,0x000000ecb1500000) (1024K)] _threads_hazard_ptr=0x000002e9f94c2390
  0x000002e9ec626b10 WatcherThread "VM Periodic Task Thread"        [id=11168, stack(0x000000ecb1300000,0x000000ecb1400000) (1024K)]
  0x000002e9e08b4170 WorkerThread "GC Thread#0"                     [id=12464, stack(0x000000ecb0e00000,0x000000ecb0f00000) (1024K)]
  0x000002e9f16c62c0 WorkerThread "GC Thread#1"                     [id=4564, stack(0x000000ecb2600000,0x000000ecb2700000) (1024K)]
  0x000002e9f16f4b10 WorkerThread "GC Thread#2"                     [id=1772, stack(0x000000ecb2700000,0x000000ecb2800000) (1024K)]
  0x000002e9f17891a0 WorkerThread "GC Thread#3"                     [id=6176, stack(0x000000ecb2800000,0x000000ecb2900000) (1024K)]
  0x000002e9f1789550 WorkerThread "GC Thread#4"                     [id=9608, stack(0x000000ecb2900000,0x000000ecb2a00000) (1024K)]
  0x000002e9f1789900 WorkerThread "GC Thread#5"                     [id=8368, stack(0x000000ecb2a00000,0x000000ecb2b00000) (1024K)]
  0x000002e9f17964f0 WorkerThread "GC Thread#6"                     [id=8272, stack(0x000000ecb2b00000,0x000000ecb2c00000) (1024K)]
  0x000002e9f17968a0 WorkerThread "GC Thread#7"                     [id=1288, stack(0x000000ecb2c00000,0x000000ecb2d00000) (1024K)]
  0x000002e9e08c53f0 ConcurrentGCThread "G1 Main Marker"            [id=9976, stack(0x000000ecb0f00000,0x000000ecb1000000) (1024K)]
  0x000002e9e08c6850 WorkerThread "G1 Conc#0"                       [id=13556, stack(0x000000ecb1000000,0x000000ecb1100000) (1024K)]
  0x000002e9f1d4ab20 WorkerThread "G1 Conc#1"                       [id=4400, stack(0x000000ecb3300000,0x000000ecb3400000) (1024K)]
  0x000002e9ec4f65b0 ConcurrentGCThread "G1 Refine#0"               [id=15332, stack(0x000000ecb1100000,0x000000ecb1200000) (1024K)]
  0x000002e9ec4f8f50 ConcurrentGCThread "G1 Service"                [id=15220, stack(0x000000ecb1200000,0x000000ecb1300000) (1024K)]
Total: 15

Threads with active compile tasks:
Total: 0

VM state: synchronizing (normal execution)

VM Mutex/Monitor currently owned by a thread:  ([mutex/lock_event])
[0x00007ffe74010f80] Threads_lock - owner thread: 0x000002e9ec6996d0

Heap address: 0x0000000083000000, size: 2000 MB, Compressed Oops mode: 32-bit

CDS archive(s) not mapped
Compressed class space mapped at: 0x0000000030000000-0x0000000070000000, reserved size: 1073741824
Narrow klass base: 0x0000000000000000, Narrow klass shift: 0, Narrow klass range: 0x70000000

GC Precious Log:
 CardTable entry size: 512
 Card Set container configuration: InlinePtr #cards 5 size 8 Array Of Cards #cards 12 size 40 Howl #buckets 4 coarsen threshold 1843 Howl Bitmap #cards 512 size 80 coarsen threshold 460 Card regions per heap region 1 cards per card region 2048
 CPUs: 8 total, 8 available
 Memory: 7998M
 Large Page Support: Disabled
 NUMA Support: Disabled
 Compressed Oops: Enabled (32-bit)
 Heap Region Size: 1M
 Heap Min Capacity: 8M
 Heap Initial Capacity: 126M
 Heap Max Capacity: 2000M
 Pre-touch: Disabled
 Parallel Workers: 8
 Concurrent Workers: 2
 Concurrent Refinement Workers: 8
 Periodic GC: Disabled

Heap:
 garbage-first heap   total reserved 2048000K, committed 91136K, used 62447K [0x0000000083000000, 0x0000000100000000)
  region size 1024K, 24 young (24576K), 3 survivors (3072K)
 Metaspace       used 95481K, committed 96256K, reserved 1179648K
  class space    used 13308K, committed 13632K, reserved 1048576K

Heap Regions: E=young(eden), S=young(survivor), O=old, HS=humongous(starts), HC=humongous(continues), CS=collection set, F=free, TAMS=top-at-mark-start, PB=parsable bottom
|   0|0x0000000083000000, 0x0000000083100000, 0x0000000083100000|100%|HS|  |TAMS 0x0000000083000000| PB 0x0000000083000000| Complete |  0
|   1|0x0000000083100000, 0x0000000083200000, 0x0000000083200000|100%| O|  |TAMS 0x0000000083100000| PB 0x0000000083100000| Untracked |  0
|   2|0x0000000083200000, 0x0000000083300000, 0x0000000083300000|100%| O|  |TAMS 0x0000000083200000| PB 0x0000000083200000| Untracked |  0
|   3|0x0000000083300000, 0x0000000083400000, 0x0000000083400000|100%| O|  |TAMS 0x0000000083300000| PB 0x0000000083300000| Untracked |  0
|   4|0x0000000083400000, 0x00000000834fffc8, 0x0000000083500000| 99%| O|  |TAMS 0x0000000083400000| PB 0x0000000083400000| Untracked |  0
|   5|0x0000000083500000, 0x00000000835ffff8, 0x0000000083600000| 99%| O|  |TAMS 0x0000000083500000| PB 0x0000000083500000| Untracked |  0
|   6|0x0000000083600000, 0x00000000836fffd0, 0x0000000083700000| 99%| O|  |TAMS 0x0000000083600000| PB 0x0000000083600000| Untracked |  0
|   7|0x0000000083700000, 0x0000000083800000, 0x0000000083800000|100%| O|  |TAMS 0x0000000083700000| PB 0x0000000083700000| Untracked |  0
|   8|0x0000000083800000, 0x0000000083900000, 0x0000000083900000|100%| O|  |TAMS 0x0000000083800000| PB 0x0000000083800000| Untracked |  0
|   9|0x0000000083900000, 0x0000000083a00000, 0x0000000083a00000|100%| O|  |TAMS 0x0000000083900000| PB 0x0000000083900000| Untracked |  0
|  10|0x0000000083a00000, 0x0000000083afffe8, 0x0000000083b00000| 99%| O|  |TAMS 0x0000000083a00000| PB 0x0000000083a00000| Untracked |  0
|  11|0x0000000083b00000, 0x0000000083c00000, 0x0000000083c00000|100%| O|  |TAMS 0x0000000083b00000| PB 0x0000000083b00000| Untracked |  0
|  12|0x0000000083c00000, 0x0000000083cfffe8, 0x0000000083d00000| 99%| O|  |TAMS 0x0000000083c00000| PB 0x0000000083c00000| Untracked |  0
|  13|0x0000000083d00000, 0x0000000083e00000, 0x0000000083e00000|100%| O|  |TAMS 0x0000000083d00000| PB 0x0000000083d00000| Untracked |  0
|  14|0x0000000083e00000, 0x0000000083f00000, 0x0000000083f00000|100%| O|  |TAMS 0x0000000083e00000| PB 0x0000000083e00000| Untracked |  0
|  15|0x0000000083f00000, 0x0000000083fffff8, 0x0000000084000000| 99%| O|  |TAMS 0x0000000083f00000| PB 0x0000000083f00000| Untracked |  0
|  16|0x0000000084000000, 0x00000000840fff98, 0x0000000084100000| 99%| O|  |TAMS 0x0000000084000000| PB 0x0000000084000000| Untracked |  0
|  17|0x0000000084100000, 0x00000000841fffe0, 0x0000000084200000| 99%| O|  |TAMS 0x0000000084100000| PB 0x0000000084100000| Untracked |  0
|  18|0x0000000084200000, 0x00000000842fff50, 0x0000000084300000| 99%| O|  |TAMS 0x0000000084200000| PB 0x0000000084200000| Untracked |  0
|  19|0x0000000084300000, 0x00000000843fffe8, 0x0000000084400000| 99%| O|  |TAMS 0x0000000084300000| PB 0x0000000084300000| Untracked |  0
|  20|0x0000000084400000, 0x0000000084500000, 0x0000000084500000|100%| O|  |TAMS 0x0000000084400000| PB 0x0000000084400000| Untracked |  0
|  21|0x0000000084500000, 0x00000000845e23c0, 0x0000000084600000| 88%| O|  |TAMS 0x0000000084500000| PB 0x0000000084500000| Untracked |  0
|  22|0x0000000084600000, 0x0000000084700000, 0x0000000084700000|100%| O|  |TAMS 0x0000000084600000| PB 0x0000000084600000| Untracked |  0
|  23|0x0000000084700000, 0x00000000847fffa0, 0x0000000084800000| 99%| O|  |TAMS 0x0000000084700000| PB 0x0000000084700000| Untracked |  0
|  24|0x0000000084800000, 0x00000000848fffd0, 0x0000000084900000| 99%| O|  |TAMS 0x0000000084800000| PB 0x0000000084800000| Untracked |  0
|  25|0x0000000084900000, 0x00000000849ffb70, 0x0000000084a00000| 99%| O|  |TAMS 0x0000000084900000| PB 0x0000000084900000| Untracked |  0
|  26|0x0000000084a00000, 0x0000000084affff0, 0x0000000084b00000| 99%| O|  |TAMS 0x0000000084a00000| PB 0x0000000084a00000| Untracked |  0
|  27|0x0000000084b00000, 0x0000000084bb5d48, 0x0000000084c00000| 71%| O|  |TAMS 0x0000000084b00000| PB 0x0000000084b00000| Untracked |  0
|  28|0x0000000084c00000, 0x0000000084cffda8, 0x0000000084d00000| 99%| O|  |TAMS 0x0000000084c00000| PB 0x0000000084c00000| Untracked |  0
|  29|0x0000000084d00000, 0x0000000084dfffc8, 0x0000000084e00000| 99%| O|  |TAMS 0x0000000084d00000| PB 0x0000000084d00000| Untracked |  0
|  30|0x0000000084e00000, 0x0000000084ead0e0, 0x0000000084f00000| 67%| O|  |TAMS 0x0000000084e00000| PB 0x0000000084e00000| Untracked |  0
|  31|0x0000000084f00000, 0x0000000084fffff8, 0x0000000085000000| 99%| O|  |TAMS 0x0000000084f00000| PB 0x0000000084f00000| Untracked |  0
|  32|0x0000000085000000, 0x0000000085000000, 0x0000000085100000|  0%| F|  |TAMS 0x0000000085000000| PB 0x0000000085000000| Untracked |  0
|  33|0x0000000085100000, 0x0000000085163e28, 0x0000000085200000| 39%| O|Cm|TAMS 0x0000000085100000| PB 0x0000000085100000| Complete |  0
|  34|0x0000000085200000, 0x00000000852e9b40, 0x0000000085300000| 91%| O|  |TAMS 0x0000000085200000| PB 0x0000000085200000| Untracked |  0
|  35|0x0000000085300000, 0x0000000085300000, 0x0000000085400000|  0%| F|  |TAMS 0x0000000085300000| PB 0x0000000085300000| Untracked |  0
|  36|0x0000000085400000, 0x00000000854bfd20, 0x0000000085500000| 74%| O|  |TAMS 0x0000000085400000| PB 0x0000000085400000| Untracked |  0
|  37|0x0000000085500000, 0x0000000085500000, 0x0000000085600000|  0%| F|  |TAMS 0x0000000085500000| PB 0x0000000085500000| Untracked |  0
|  38|0x0000000085600000, 0x0000000085600000, 0x0000000085700000|  0%| F|  |TAMS 0x0000000085600000| PB 0x0000000085600000| Untracked |  0
|  39|0x0000000085700000, 0x0000000085700000, 0x0000000085800000|  0%| F|  |TAMS 0x0000000085700000| PB 0x0000000085700000| Untracked |  0
|  40|0x0000000085800000, 0x0000000085900000, 0x0000000085900000|100%| O|  |TAMS 0x0000000085800000| PB 0x0000000085800000| Untracked |  0
|  41|0x0000000085900000, 0x0000000085a00000, 0x0000000085a00000|100%| O|  |TAMS 0x0000000085900000| PB 0x0000000085900000| Untracked |  0
|  42|0x0000000085a00000, 0x0000000085b00000, 0x0000000085b00000|100%| O|  |TAMS 0x0000000085a00000| PB 0x0000000085a00000| Untracked |  0
|  43|0x0000000085b00000, 0x0000000085c00000, 0x0000000085c00000|100%| O|  |TAMS 0x0000000085b00000| PB 0x0000000085b00000| Untracked |  0
|  44|0x0000000085c00000, 0x0000000085cae480, 0x0000000085d00000| 68%| O|  |TAMS 0x0000000085c00000| PB 0x0000000085c00000| Untracked |  0
|  45|0x0000000085d00000, 0x0000000085d00000, 0x0000000085e00000|  0%| F|  |TAMS 0x0000000085d00000| PB 0x0000000085d00000| Untracked |  0
|  46|0x0000000085e00000, 0x0000000085e00000, 0x0000000085f00000|  0%| F|  |TAMS 0x0000000085e00000| PB 0x0000000085e00000| Untracked |  0
|  47|0x0000000085f00000, 0x0000000085ffbbb8, 0x0000000086000000| 98%| S|CS|TAMS 0x0000000085f00000| PB 0x0000000085f00000| Complete |  0
|  48|0x0000000086000000, 0x0000000086100000, 0x0000000086100000|100%| S|CS|TAMS 0x0000000086000000| PB 0x0000000086000000| Complete |  0
|  49|0x0000000086100000, 0x0000000086200000, 0x0000000086200000|100%| S|CS|TAMS 0x0000000086100000| PB 0x0000000086100000| Complete |  0
|  50|0x0000000086200000, 0x0000000086200000, 0x0000000086300000|  0%| F|  |TAMS 0x0000000086200000| PB 0x0000000086200000| Untracked |  0
|  51|0x0000000086300000, 0x0000000086300000, 0x0000000086400000|  0%| F|  |TAMS 0x0000000086300000| PB 0x0000000086300000| Untracked |  0
|  52|0x0000000086400000, 0x0000000086400000, 0x0000000086500000|  0%| F|  |TAMS 0x0000000086400000| PB 0x0000000086400000| Untracked |  0
|  53|0x0000000086500000, 0x0000000086500000, 0x0000000086600000|  0%| F|  |TAMS 0x0000000086500000| PB 0x0000000086500000| Untracked |  0
|  54|0x0000000086600000, 0x0000000086600000, 0x0000000086700000|  0%| F|  |TAMS 0x0000000086600000| PB 0x0000000086600000| Untracked |  0
|  55|0x0000000086700000, 0x0000000086700000, 0x0000000086800000|  0%| F|  |TAMS 0x0000000086700000| PB 0x0000000086700000| Untracked |  0
|  56|0x0000000086800000, 0x0000000086800000, 0x0000000086900000|  0%| F|  |TAMS 0x0000000086800000| PB 0x0000000086800000| Untracked |  0
|  57|0x0000000086900000, 0x0000000086900000, 0x0000000086a00000|  0%| F|  |TAMS 0x0000000086900000| PB 0x0000000086900000| Untracked |  0
|  58|0x0000000086a00000, 0x0000000086a00000, 0x0000000086b00000|  0%| F|  |TAMS 0x0000000086a00000| PB 0x0000000086a00000| Untracked |  0
|  59|0x0000000086b00000, 0x0000000086b00000, 0x0000000086c00000|  0%| F|  |TAMS 0x0000000086b00000| PB 0x0000000086b00000| Untracked |  0
|  60|0x0000000086c00000, 0x0000000086c00000, 0x0000000086d00000|  0%| F|  |TAMS 0x0000000086c00000| PB 0x0000000086c00000| Untracked |  0
|  61|0x0000000086d00000, 0x0000000086d00000, 0x0000000086e00000|  0%| F|  |TAMS 0x0000000086d00000| PB 0x0000000086d00000| Untracked |  0
|  62|0x0000000086e00000, 0x0000000086e00000, 0x0000000086f00000|  0%| F|  |TAMS 0x0000000086e00000| PB 0x0000000086e00000| Untracked |  0
|  63|0x0000000086f00000, 0x0000000086f00000, 0x0000000087000000|  0%| F|  |TAMS 0x0000000086f00000| PB 0x0000000086f00000| Untracked |  0
|  64|0x0000000087000000, 0x0000000087000000, 0x0000000087100000|  0%| F|  |TAMS 0x0000000087000000| PB 0x0000000087000000| Untracked |  0
|  65|0x0000000087100000, 0x0000000087100000, 0x0000000087200000|  0%| F|  |TAMS 0x0000000087100000| PB 0x0000000087100000| Untracked |  0
|  66|0x0000000087200000, 0x0000000087200000, 0x0000000087300000|  0%| F|  |TAMS 0x0000000087200000| PB 0x0000000087200000| Untracked |  0
|  67|0x0000000087300000, 0x0000000087300000, 0x0000000087400000|  0%| F|  |TAMS 0x0000000087300000| PB 0x0000000087300000| Untracked |  0
|  68|0x0000000087400000, 0x00000000874a4ab0, 0x0000000087500000| 64%| E|  |TAMS 0x0000000087400000| PB 0x0000000087400000| Complete |  0
|  69|0x0000000087500000, 0x0000000087600000, 0x0000000087600000|100%| E|CS|TAMS 0x0000000087500000| PB 0x0000000087500000| Complete |  0
|  70|0x0000000087600000, 0x0000000087700000, 0x0000000087700000|100%| E|CS|TAMS 0x0000000087600000| PB 0x0000000087600000| Complete |  0
|  71|0x0000000087700000, 0x0000000087800000, 0x0000000087800000|100%| E|CS|TAMS 0x0000000087700000| PB 0x0000000087700000| Complete |  0
|  72|0x0000000087800000, 0x0000000087900000, 0x0000000087900000|100%| E|CS|TAMS 0x0000000087800000| PB 0x0000000087800000| Complete |  0
|  73|0x0000000087900000, 0x0000000087a00000, 0x0000000087a00000|100%| E|CS|TAMS 0x0000000087900000| PB 0x0000000087900000| Complete |  0
|  74|0x0000000087a00000, 0x0000000087b00000, 0x0000000087b00000|100%| E|CS|TAMS 0x0000000087a00000| PB 0x0000000087a00000| Complete |  0
|  75|0x0000000087b00000, 0x0000000087c00000, 0x0000000087c00000|100%| E|CS|TAMS 0x0000000087b00000| PB 0x0000000087b00000| Complete |  0
|  76|0x0000000087c00000, 0x0000000087d00000, 0x0000000087d00000|100%| E|CS|TAMS 0x0000000087c00000| PB 0x0000000087c00000| Complete |  0
|  77|0x0000000087d00000, 0x0000000087e00000, 0x0000000087e00000|100%| E|CS|TAMS 0x0000000087d00000| PB 0x0000000087d00000| Complete |  0
|  78|0x0000000087e00000, 0x0000000087f00000, 0x0000000087f00000|100%| E|CS|TAMS 0x0000000087e00000| PB 0x0000000087e00000| Complete |  0
|  79|0x0000000087f00000, 0x0000000088000000, 0x0000000088000000|100%| E|CS|TAMS 0x0000000087f00000| PB 0x0000000087f00000| Complete |  0
|  80|0x0000000088000000, 0x0000000088100000, 0x0000000088100000|100%| E|CS|TAMS 0x0000000088000000| PB 0x0000000088000000| Complete |  0
|  81|0x0000000088100000, 0x0000000088200000, 0x0000000088200000|100%| E|CS|TAMS 0x0000000088100000| PB 0x0000000088100000| Complete |  0
|  82|0x0000000088200000, 0x0000000088300000, 0x0000000088300000|100%| E|CS|TAMS 0x0000000088200000| PB 0x0000000088200000| Complete |  0
|  83|0x0000000088300000, 0x0000000088400000, 0x0000000088400000|100%| E|CS|TAMS 0x0000000088300000| PB 0x0000000088300000| Complete |  0
| 105|0x0000000089900000, 0x0000000089a00000, 0x0000000089a00000|100%| E|CS|TAMS 0x0000000089900000| PB 0x0000000089900000| Complete |  0
| 106|0x0000000089a00000, 0x0000000089b00000, 0x0000000089b00000|100%| E|CS|TAMS 0x0000000089a00000| PB 0x0000000089a00000| Complete |  0
| 124|0x000000008ac00000, 0x000000008ad00000, 0x000000008ad00000|100%| E|CS|TAMS 0x000000008ac00000| PB 0x000000008ac00000| Complete |  0
| 125|0x000000008ad00000, 0x000000008ae00000, 0x000000008ae00000|100%| E|CS|TAMS 0x000000008ad00000| PB 0x000000008ad00000| Complete |  0
|1999|0x00000000fff00000, 0x0000000100000000, 0x0000000100000000|100%| E|CS|TAMS 0x00000000fff00000| PB 0x00000000fff00000| Complete |  0

Card table byte_map: [0x000002e9e7840000,0x000002e9e7c30000] _byte_map_base: 0x000002e9e7428000

Marking Bits: (CMBitMap*) 0x000002e9e08b5090
 Bits: [0x000002e9e7c30000, 0x000002e9e9b70000)

Polling page: 0x000002e9de7e0000

Metaspace:

Usage:
  Non-class:     80.25 MB used.
      Class:     13.00 MB used.
       Both:     93.24 MB used.

Virtual space:
  Non-class space:      128.00 MB reserved,      80.69 MB ( 63%) committed,  2 nodes.
      Class space:        1.00 GB reserved,      13.31 MB (  1%) committed,  1 nodes.
             Both:        1.12 GB reserved,      94.00 MB (  8%) committed. 

Chunk freelists:
   Non-Class:  15.36 MB
       Class:  2.62 MB
        Both:  17.98 MB

MaxMetaspaceSize: unlimited
CompressedClassSpaceSize: 1.00 GB
Initial GC threshold: 21.00 MB
Current GC threshold: 156.19 MB
CDS: off
 - commit_granule_bytes: 65536.
 - commit_granule_words: 8192.
 - virtual_space_node_default_size: 8388608.
 - enlarge_chunks_in_place: 1.
 - use_allocation_guard: 0.


Internal statistics:

num_allocs_failed_limit: 12.
num_arena_births: 1498.
num_arena_deaths: 490.
num_vsnodes_births: 3.
num_vsnodes_deaths: 0.
num_space_committed: 1504.
num_space_uncommitted: 0.
num_chunks_returned_to_freelist: 549.
num_chunks_taken_from_freelist: 4524.
num_chunk_merges: 136.
num_chunk_splits: 3148.
num_chunks_enlarged: 2511.
num_inconsistent_stats: 0.

CodeCache: size=49152Kb used=15976Kb max_used=17623Kb free=33176Kb
 bounds [0x000002e9e4340000, 0x000002e9e5480000, 0x000002e9e7340000]
 total_blobs=8988 nmethods=8209 adapters=702
 compilation: enabled
              stopped_count=0, restarted_count=0
 full_count=0

Compilation events (20 events):
Event: 1792.341 Thread 0x000002e9f45f0070 14773       1       java.io.ObjectInputStream::defaultReadObject (109 bytes)
Event: 1792.341 Thread 0x000002e9ec716100 14772   !   1       java.io.ObjectStreamClass::invokeReadObject (93 bytes)
Event: 1792.342 Thread 0x000002e9f45f0070 nmethod 14773 0x000002e9e5301b90 code [0x000002e9e5301de0, 0x000002e9e53023a8]
Event: 1792.342 Thread 0x000002e9ec716100 nmethod 14772 0x000002e9e5300b10 code [0x000002e9e5300da0, 0x000002e9e53015b8]
Event: 1792.349 Thread 0x000002e9ec716100 14774       1       java.io.ObjectStreamClass$FieldReflector::setObjFieldValues (262 bytes)
Event: 1792.350 Thread 0x000002e9f45f0e10 14775       1       java.io.ObjectOutputStream::writeTypeString (40 bytes)
Event: 1792.350 Thread 0x000002e9f45f0e10 nmethod 14775 0x000002e9e5300510 code [0x000002e9e5300700, 0x000002e9e5300928]
Event: 1792.351 Thread 0x000002e9ec716100 nmethod 14774 0x000002e9e52fef90 code [0x000002e9e52ff2a0, 0x000002e9e52ffc60]
Event: 1792.354 Thread 0x000002e9f45f0070 14776       1       java.io.ObjectInputStream::readArray (445 bytes)
Event: 1792.355 Thread 0x000002e9f45f0e10 14777       1       java.lang.StackTraceElement::of (39 bytes)
Event: 1792.355 Thread 0x000002e9ec716100 14778       1       java.lang.StackTraceElement::of (30 bytes)
Event: 1792.355 Thread 0x000002e9ec716100 nmethod 14778 0x000002e9e52feb90 code [0x000002e9e52fed20, 0x000002e9e52fee38]
Event: 1792.355 Thread 0x000002e9f45f0e10 nmethod 14777 0x000002e9e52fe490 code [0x000002e9e52fe660, 0x000002e9e52fe9a8]
Event: 1792.356 Thread 0x000002e9f45f0070 nmethod 14776 0x000002e9e52fc890 code [0x000002e9e52fcc20, 0x000002e9e52fda10]
Event: 1792.364 Thread 0x000002e9f45f0e10 14779       1       java.security.Permission::getName (5 bytes)
Event: 1792.364 Thread 0x000002e9f45f0e10 nmethod 14779 0x000002e9e52fc590 code [0x000002e9e52fc720, 0x000002e9e52fc7e8]
Event: 1792.367 Thread 0x000002e9f45f0e10 14780       1       java.security.PermissionCollection::<init> (5 bytes)
Event: 1792.367 Thread 0x000002e9f45f0e10 nmethod 14780 0x000002e9e52fc290 code [0x000002e9e52fc420, 0x000002e9e52fc4e8]
Event: 1797.389 Thread 0x000002e9ec716100 14781       1       org.eclipse.jdt.launching.internal.org.objectweb.asm.AnnotationWriter::visitEnd (44 bytes)
Event: 1797.389 Thread 0x000002e9ec716100 nmethod 14781 0x000002e9e52fbe90 code [0x000002e9e52fc020, 0x000002e9e52fc150]

GC Heap History (20 events):
Event: 1496.428 GC heap before
{Heap before GC invocations=84 (full 0):
 garbage-first heap   total reserved 2048000K, committed 91136K, used 84173K [0x0000000083000000, 0x0000000100000000)
  region size 1024K, 45 young (46080K), 1 survivors (1024K)
 Metaspace       used 94696K, committed 95936K, reserved 1179648K
  class space    used 13169K, committed 13632K, reserved 1048576K
}
Event: 1496.435 GC heap after
{Heap after GC invocations=85 (full 0):
 garbage-first heap   total reserved 2048000K, committed 91136K, used 38942K [0x0000000083000000, 0x0000000100000000)
  region size 1024K, 1 young (1024K), 1 survivors (1024K)
 Metaspace       used 94696K, committed 95936K, reserved 1179648K
  class space    used 13169K, committed 13632K, reserved 1048576K
}
Event: 1546.746 GC heap before
{Heap before GC invocations=85 (full 0):
 garbage-first heap   total reserved 2048000K, committed 91136K, used 83998K [0x0000000083000000, 0x0000000100000000)
  region size 1024K, 45 young (46080K), 1 survivors (1024K)
 Metaspace       used 94696K, committed 95936K, reserved 1179648K
  class space    used 13169K, committed 13632K, reserved 1048576K
}
Event: 1546.750 GC heap after
{Heap after GC invocations=86 (full 0):
 garbage-first heap   total reserved 2048000K, committed 91136K, used 39317K [0x0000000083000000, 0x0000000100000000)
  region size 1024K, 1 young (1024K), 1 survivors (1024K)
 Metaspace       used 94696K, committed 95936K, reserved 1179648K
  class space    used 13169K, committed 13632K, reserved 1048576K
}
Event: 1595.244 GC heap before
{Heap before GC invocations=87 (full 0):
 garbage-first heap   total reserved 2048000K, committed 91136K, used 84373K [0x0000000083000000, 0x0000000100000000)
  region size 1024K, 45 young (46080K), 1 survivors (1024K)
 Metaspace       used 94698K, committed 95936K, reserved 1179648K
  class space    used 13169K, committed 13632K, reserved 1048576K
}
Event: 1595.248 GC heap after
{Heap after GC invocations=88 (full 0):
 garbage-first heap   total reserved 2048000K, committed 91136K, used 39189K [0x0000000083000000, 0x0000000100000000)
  region size 1024K, 1 young (1024K), 1 survivors (1024K)
 Metaspace       used 94698K, committed 95936K, reserved 1179648K
  class space    used 13169K, committed 13632K, reserved 1048576K
}
Event: 1638.869 GC heap before
{Heap before GC invocations=88 (full 0):
 garbage-first heap   total reserved 2048000K, committed 91136K, used 84245K [0x0000000083000000, 0x0000000100000000)
  region size 1024K, 45 young (46080K), 1 survivors (1024K)
 Metaspace       used 94698K, committed 95936K, reserved 1179648K
  class space    used 13169K, committed 13632K, reserved 1048576K
}
Event: 1638.879 GC heap after
{Heap after GC invocations=89 (full 0):
 garbage-first heap   total reserved 2048000K, committed 91136K, used 39023K [0x0000000083000000, 0x0000000100000000)
  region size 1024K, 1 young (1024K), 1 survivors (1024K)
 Metaspace       used 94698K, committed 95936K, reserved 1179648K
  class space    used 13169K, committed 13632K, reserved 1048576K
}
Event: 1682.578 GC heap before
{Heap before GC invocations=89 (full 0):
 garbage-first heap   total reserved 2048000K, committed 91136K, used 83055K [0x0000000083000000, 0x0000000100000000)
  region size 1024K, 45 young (46080K), 1 survivors (1024K)
 Metaspace       used 94776K, committed 96000K, reserved 1179648K
  class space    used 13178K, committed 13632K, reserved 1048576K
}
Event: 1682.581 GC heap after
{Heap after GC invocations=90 (full 0):
 garbage-first heap   total reserved 2048000K, committed 91136K, used 39431K [0x0000000083000000, 0x0000000100000000)
  region size 1024K, 2 young (2048K), 2 survivors (2048K)
 Metaspace       used 94776K, committed 96000K, reserved 1179648K
  class space    used 13178K, committed 13632K, reserved 1048576K
}
Event: 1725.576 GC heap before
{Heap before GC invocations=91 (full 0):
 garbage-first heap   total reserved 2048000K, committed 91136K, used 82439K [0x0000000083000000, 0x0000000100000000)
  region size 1024K, 44 young (45056K), 2 survivors (2048K)
 Metaspace       used 94776K, committed 96000K, reserved 1179648K
  class space    used 13178K, committed 13632K, reserved 1048576K
}
Event: 1725.581 GC heap after
{Heap after GC invocations=92 (full 0):
 garbage-first heap   total reserved 2048000K, committed 91136K, used 39259K [0x0000000083000000, 0x0000000100000000)
  region size 1024K, 1 young (1024K), 1 survivors (1024K)
 Metaspace       used 94776K, committed 96000K, reserved 1179648K
  class space    used 13178K, committed 13632K, reserved 1048576K
}
Event: 1767.327 GC heap before
{Heap before GC invocations=92 (full 0):
 garbage-first heap   total reserved 2048000K, committed 91136K, used 84315K [0x0000000083000000, 0x0000000100000000)
  region size 1024K, 45 young (46080K), 1 survivors (1024K)
 Metaspace       used 94801K, committed 96000K, reserved 1179648K
  class space    used 13182K, committed 13632K, reserved 1048576K
}
Event: 1767.332 GC heap after
{Heap after GC invocations=93 (full 0):
 garbage-first heap   total reserved 2048000K, committed 91136K, used 39099K [0x0000000083000000, 0x0000000100000000)
  region size 1024K, 1 young (1024K), 1 survivors (1024K)
 Metaspace       used 94801K, committed 96000K, reserved 1179648K
  class space    used 13182K, committed 13632K, reserved 1048576K
}
Event: 1780.183 GC heap before
{Heap before GC invocations=93 (full 0):
 garbage-first heap   total reserved 2048000K, committed 91136K, used 58555K [0x0000000083000000, 0x0000000100000000)
  region size 1024K, 21 young (21504K), 1 survivors (1024K)
 Metaspace       used 94997K, committed 96064K, reserved 1179648K
  class space    used 13235K, committed 13632K, reserved 1048576K
}
Event: 1780.255 GC heap after
{Heap after GC invocations=94 (full 1):
 garbage-first heap   total reserved 2048000K, committed 91136K, used 34119K [0x0000000083000000, 0x0000000100000000)
  region size 1024K, 0 young (0K), 0 survivors (0K)
 Metaspace       used 94990K, committed 96064K, reserved 1179648K
  class space    used 13233K, committed 13632K, reserved 1048576K
}
Event: 1781.895 GC heap before
{Heap before GC invocations=94 (full 1):
 garbage-first heap   total reserved 2048000K, committed 91136K, used 83271K [0x0000000083000000, 0x0000000100000000)
  region size 1024K, 49 young (50176K), 0 survivors (0K)
 Metaspace       used 95143K, committed 96064K, reserved 1179648K
  class space    used 13266K, committed 13632K, reserved 1048576K
}
Event: 1781.903 GC heap after
{Heap after GC invocations=95 (full 1):
 garbage-first heap   total reserved 2048000K, committed 91136K, used 39058K [0x0000000083000000, 0x0000000100000000)
  region size 1024K, 5 young (5120K), 5 survivors (5120K)
 Metaspace       used 95143K, committed 96064K, reserved 1179648K
  class space    used 13266K, committed 13632K, reserved 1048576K
}
Event: 1782.918 GC heap before
{Heap before GC invocations=96 (full 1):
 garbage-first heap   total reserved 2048000K, committed 91136K, used 77970K [0x0000000083000000, 0x0000000100000000)
  region size 1024K, 44 young (45056K), 5 survivors (5120K)
 Metaspace       used 95264K, committed 96064K, reserved 1179648K
  class space    used 13295K, committed 13632K, reserved 1048576K
}
Event: 1782.929 GC heap after
{Heap after GC invocations=97 (full 1):
 garbage-first heap   total reserved 2048000K, committed 91136K, used 41967K [0x0000000083000000, 0x0000000100000000)
  region size 1024K, 3 young (3072K), 3 survivors (3072K)
 Metaspace       used 95264K, committed 96064K, reserved 1179648K
  class space    used 13295K, committed 13632K, reserved 1048576K
}

Dll operation events (12 events):
Event: 0.357 Loaded shared library C:\Users\SADHANA\.p2\pool\plugins\org.eclipse.justj.openjdk.hotspot.jre.full.win32.x86_64_22.0.2.v20240802-1626\jre\bin\java.dll
Event: 0.367 Loaded shared library C:\Users\SADHANA\.p2\pool\plugins\org.eclipse.justj.openjdk.hotspot.jre.full.win32.x86_64_22.0.2.v20240802-1626\jre\bin\zip.dll
Event: 0.943 Loaded shared library C:\Users\SADHANA\.p2\pool\plugins\org.eclipse.justj.openjdk.hotspot.jre.full.win32.x86_64_22.0.2.v20240802-1626\jre\bin\instrument.dll
Event: 0.963 Loaded shared library C:\Users\SADHANA\.p2\pool\plugins\org.eclipse.justj.openjdk.hotspot.jre.full.win32.x86_64_22.0.2.v20240802-1626\jre\bin\net.dll
Event: 0.965 Loaded shared library C:\Users\SADHANA\.p2\pool\plugins\org.eclipse.justj.openjdk.hotspot.jre.full.win32.x86_64_22.0.2.v20240802-1626\jre\bin\nio.dll
Event: 0.980 Loaded shared library C:\Users\SADHANA\.p2\pool\plugins\org.eclipse.justj.openjdk.hotspot.jre.full.win32.x86_64_22.0.2.v20240802-1626\jre\bin\zip.dll
Event: 1.213 Loaded shared library C:\Users\SADHANA\.p2\pool\plugins\org.eclipse.justj.openjdk.hotspot.jre.full.win32.x86_64_22.0.2.v20240802-1626\jre\bin\jimage.dll
Event: 1.321 Loaded shared library C:\Users\SADHANA\.p2\pool\plugins\org.eclipse.justj.openjdk.hotspot.jre.full.win32.x86_64_22.0.2.v20240802-1626\jre\bin\management.dll
Event: 1.341 Loaded shared library C:\Users\SADHANA\.p2\pool\plugins\org.eclipse.justj.openjdk.hotspot.jre.full.win32.x86_64_22.0.2.v20240802-1626\jre\bin\management_ext.dll
Event: 1.758 Loaded shared library C:\Users\SADHANA\.p2\pool\plugins\org.eclipse.justj.openjdk.hotspot.jre.full.win32.x86_64_22.0.2.v20240802-1626\jre\bin\extnet.dll
Event: 1.793 Loaded shared library C:\Users\SADHANA\.p2\pool\plugins\org.eclipse.justj.openjdk.hotspot.jre.full.win32.x86_64_22.0.2.v20240802-1626\jre\bin\verify.dll
Event: 4.409 Loaded shared library C:\Users\SADHANA\.p2\pool\plugins\org.eclipse.justj.openjdk.hotspot.jre.full.win32.x86_64_22.0.2.v20240802-1626\jre\bin\sunmscapi.dll

Deoptimization events (20 events):
Event: 1792.362 Thread 0x000002e9f2700680 DEOPT PACKING pc=0x000002e9e4ae3974 sp=0x000000ecb32fea80
Event: 1792.362 Thread 0x000002e9f2700680 DEOPT UNPACKING pc=0x000002e9e4394e42 sp=0x000000ecb32fe018 mode 1
Event: 1792.364 Thread 0x000002e9f2700680 DEOPT PACKING pc=0x000002e9e48e1a04 sp=0x000000ecb32fe320
Event: 1792.364 Thread 0x000002e9f2700680 DEOPT UNPACKING pc=0x000002e9e4394e42 sp=0x000000ecb32fd830 mode 1
Event: 1792.364 Thread 0x000002e9f2700680 DEOPT PACKING pc=0x000002e9e51fc6a4 sp=0x000000ecb32fe520
Event: 1792.364 Thread 0x000002e9f2700680 DEOPT UNPACKING pc=0x000002e9e4394e42 sp=0x000000ecb32fd9e0 mode 1
Event: 1792.364 Thread 0x000002e9f2700680 DEOPT PACKING pc=0x000002e9e4e02b34 sp=0x000000ecb32fe8e0
Event: 1792.364 Thread 0x000002e9f2700680 DEOPT UNPACKING pc=0x000002e9e4394e42 sp=0x000000ecb32fdde0 mode 1
Event: 1792.364 Thread 0x000002e9f2700680 DEOPT PACKING pc=0x000002e9e4ae3974 sp=0x000000ecb32fea80
Event: 1792.364 Thread 0x000002e9f2700680 DEOPT UNPACKING pc=0x000002e9e4394e42 sp=0x000000ecb32fe018 mode 1
Event: 1792.367 Thread 0x000002e9f2700680 DEOPT PACKING pc=0x000002e9e48e1a04 sp=0x000000ecb32fe320
Event: 1792.367 Thread 0x000002e9f2700680 DEOPT UNPACKING pc=0x000002e9e4394e42 sp=0x000000ecb32fd830 mode 1
Event: 1792.367 Thread 0x000002e9f2700680 DEOPT PACKING pc=0x000002e9e51fc6a4 sp=0x000000ecb32fe520
Event: 1792.367 Thread 0x000002e9f2700680 DEOPT UNPACKING pc=0x000002e9e4394e42 sp=0x000000ecb32fd9e0 mode 1
Event: 1792.367 Thread 0x000002e9f2700680 DEOPT PACKING pc=0x000002e9e4e02b34 sp=0x000000ecb32fe8e0
Event: 1792.367 Thread 0x000002e9f2700680 DEOPT UNPACKING pc=0x000002e9e4394e42 sp=0x000000ecb32fdde0 mode 1
Event: 1792.367 Thread 0x000002e9f2700680 DEOPT PACKING pc=0x000002e9e4ae3974 sp=0x000000ecb32fea80
Event: 1792.367 Thread 0x000002e9f2700680 DEOPT UNPACKING pc=0x000002e9e4394e42 sp=0x000000ecb32fe018 mode 1
Event: 1797.346 Thread 0x000002e9f1c3d150 DEOPT PACKING pc=0x000002e9e46f29f4 sp=0x000000ecb0afd980
Event: 1797.346 Thread 0x000002e9f1c3d150 DEOPT UNPACKING pc=0x000002e9e4394e42 sp=0x000000ecb0afce38 mode 0

Classes loaded (20 events):
Event: 1780.117 Loading class javax/management/NotificationBroadcasterSupport$WildcardListenerInfo
Event: 1780.117 Loading class javax/management/NotificationBroadcasterSupport$WildcardListenerInfo done
Event: 1780.129 Loading class java/util/AbstractMap$2
Event: 1780.129 Loading class java/util/AbstractMap$2 done
Event: 1780.131 Loading class java/util/AbstractMap$ValueIterator
Event: 1780.131 Loading class java/util/AbstractMap$ValueIterator done
Event: 1780.167 Loading class java/io/FileOutputStream$1
Event: 1780.168 Loading class java/io/FileOutputStream$1 done
Event: 1780.173 Loading class java/util/WeakHashMap$KeyIterator
Event: 1780.173 Loading class java/util/WeakHashMap$HashIterator
Event: 1780.173 Loading class java/util/WeakHashMap$HashIterator done
Event: 1780.173 Loading class java/util/WeakHashMap$KeyIterator done
Event: 1780.255 Loading class java/lang/ref/Finalizer$2
Event: 1780.255 Loading class java/lang/ref/Finalizer$2 done
Event: 1780.257 Loading class java/lang/ref/Finalizer$1
Event: 1780.257 Loading class java/lang/ref/Finalizer$1 done
Event: 1781.616 Loading class java/util/WeakHashMap$EntrySet
Event: 1781.616 Loading class java/util/WeakHashMap$EntrySet done
Event: 1781.616 Loading class java/util/WeakHashMap$EntryIterator
Event: 1781.616 Loading class java/util/WeakHashMap$EntryIterator done

Classes unloaded (20 events):
Event: 192.431 Thread 0x000002e9ec6996d0 Unloading class 0x0000000030c04800 'java/lang/invoke/LambdaForm$MH+0x0000000030c04800'
Event: 192.431 Thread 0x000002e9ec6996d0 Unloading class 0x0000000030b8c000 'java/lang/invoke/LambdaForm$MH+0x0000000030b8c000'
Event: 192.431 Thread 0x000002e9ec6996d0 Unloading class 0x00000000305c8000 'java/lang/invoke/LambdaForm$MH+0x00000000305c8000'
Event: 192.431 Thread 0x000002e9ec6996d0 Unloading class 0x00000000305c4400 'java/lang/invoke/LambdaForm$DMH+0x00000000305c4400'
Event: 192.431 Thread 0x000002e9ec6996d0 Unloading class 0x00000000305c4000 'java/lang/invoke/LambdaForm$MH+0x00000000305c4000'
Event: 192.431 Thread 0x000002e9ec6996d0 Unloading class 0x00000000305a4c00 'java/lang/invoke/LambdaForm$MH+0x00000000305a4c00'
Event: 192.431 Thread 0x000002e9ec6996d0 Unloading class 0x000000003014a000 'java/lang/invoke/LambdaForm$MH+0x000000003014a000'
Event: 192.431 Thread 0x000002e9ec6996d0 Unloading class 0x0000000030146400 'java/lang/invoke/LambdaForm$MH+0x0000000030146400'
Event: 192.431 Thread 0x000002e9ec6996d0 Unloading class 0x0000000030145400 'java/lang/invoke/LambdaForm$MH+0x0000000030145400'
Event: 192.431 Thread 0x000002e9ec6996d0 Unloading class 0x0000000030145000 'java/lang/invoke/LambdaForm$MH+0x0000000030145000'
Event: 192.431 Thread 0x000002e9ec6996d0 Unloading class 0x0000000030144800 'java/lang/invoke/LambdaForm$MH+0x0000000030144800'
Event: 192.431 Thread 0x000002e9ec6996d0 Unloading class 0x0000000030143c00 'java/lang/invoke/LambdaForm$MH+0x0000000030143c00'
Event: 192.431 Thread 0x000002e9ec6996d0 Unloading class 0x0000000030140000 'java/lang/invoke/LambdaForm$MH+0x0000000030140000'
Event: 830.019 Thread 0x000002e9ec6996d0 Unloading class 0x0000000030d2d000 'java/lang/invoke/LambdaForm$MH+0x0000000030d2d000'
Event: 830.019 Thread 0x000002e9ec6996d0 Unloading class 0x0000000030d2c800 'java/lang/invoke/LambdaForm$MH+0x0000000030d2c800'
Event: 830.019 Thread 0x000002e9ec6996d0 Unloading class 0x0000000030d2c400 'java/lang/invoke/LambdaForm$MH+0x0000000030d2c400'
Event: 1780.210 Thread 0x000002e9ec6996d0 Unloading class 0x0000000030140000 'java/lang/invoke/LambdaForm$MH+0x0000000030140000'
Event: 1780.210 Thread 0x000002e9ec6996d0 Unloading class 0x0000000030d2c400 'java/lang/invoke/LambdaForm$MH+0x0000000030d2c400'
Event: 1780.210 Thread 0x000002e9ec6996d0 Unloading class 0x0000000030605000 'java/lang/invoke/LambdaForm$MH+0x0000000030605000'
Event: 1780.210 Thread 0x000002e9ec6996d0 Unloading class 0x0000000030604000 'java/lang/invoke/LambdaForm$DMH+0x0000000030604000'

Classes redefined (3 events):
Event: 1779.000 Thread 0x000002e9ec6996d0 redefined class name=com.ojt.project.UserController, count=1
Event: 1797.408 Thread 0x000002e9ec6996d0 redefined class name=com.ojt.project.UserController, count=2
Event: 1797.408 Thread 0x000002e9ec6996d0 redefined class name=com.ojt.project.UserController, count=1

Internal exceptions (20 events):
Event: 1780.151 Thread 0x000002e9f26fb7c0 Exception <a 'java/io/IOException'{0x0000000087673458}> (0x0000000087673458) 
thrown [s\src\hotspot\share\prims\jni.cpp, line 520]
Event: 1780.152 Thread 0x000002e9f26fb7c0 Exception <a 'java/io/IOException'{0x0000000087675290}> (0x0000000087675290) 
thrown [s\src\hotspot\share\prims\jni.cpp, line 520]
Event: 1780.153 Thread 0x000002e9f26fb7c0 Exception <a 'java/io/IOException'{0x0000000087675ef8}> (0x0000000087675ef8) 
thrown [s\src\hotspot\share\prims\jni.cpp, line 520]
Event: 1780.182 Thread 0x000002e9f1c3d7e0 Exception <a 'java/lang/InterruptedException'{0x000000008750c790}: sleep interrupted> (0x000000008750c790) 
thrown [s\src\hotspot\share\prims\jvm.cpp, line 3093]
Event: 1780.301 Thread 0x000002e9f1c3d150 Exception <a 'sun/nio/fs/WindowsException'{0x00000000fffc35a8}> (0x00000000fffc35a8) 
thrown [s\src\hotspot\share\prims\jni.cpp, line 520]
Event: 1781.636 Thread 0x000002e9f1c3d150 Exception <a 'java/lang/NoClassDefFoundError'{0x0000000085fa0f00}: org/flywaydb/core/Flyway> (0x0000000085fa0f00) 
thrown [s\src\hotspot\share\oops\constantPool.cpp, line 872]
Event: 1781.640 Thread 0x000002e9f1c3d150 Exception <a 'java/lang/NoClassDefFoundError'{0x0000000085fa1560}: liquibase/integration/spring/SpringLiquibase> (0x0000000085fa1560) 
thrown [s\src\hotspot\share\oops\constantPool.cpp, line 872]
Event: 1781.656 Thread 0x000002e9f1c3d150 Exception <a 'java/lang/NoClassDefFoundError'{0x0000000085e501f8}: org/jooq/DSLContext> (0x0000000085e501f8) 
thrown [s\src\hotspot\share\oops\constantPool.cpp, line 872]
Event: 1781.661 Thread 0x000002e9f1c3d150 Exception <a 'java/lang/NoClassDefFoundError'{0x0000000085e61af8}: org/springframework/batch/core/repository/JobRepository> (0x0000000085e61af8) 
thrown [s\src\hotspot\share\oops\constantPool.cpp, line 872]
Event: 1781.664 Thread 0x000002e9f1c3d150 Exception <a 'java/lang/NoClassDefFoundError'{0x0000000085e62150}: org/quartz/Scheduler> (0x0000000085e62150) 
thrown [s\src\hotspot\share\oops\constantPool.cpp, line 872]
Event: 1781.667 Thread 0x000002e9f1c3d150 Exception <a 'java/lang/NoClassDefFoundError'{0x0000000085e627d0}: org/springframework/session/jdbc/JdbcIndexedSessionRepository> (0x0000000085e627d0) 
thrown [s\src\hotspot\share\oops\constantPool.cpp, line 872]
Event: 1781.699 Thread 0x000002e9f1c3d150 Exception <a 'java/lang/NoSuchMethodError'{0x0000000085d70eb0}: 'void java.lang.invoke.DelegatingMethodHandle$Holder.reinvoke_L(java.lang.Object, java.lang.Object, int)'> (0x0000000085d70eb0) 
thrown [s\src\hotspot\share\interpreter\linkResolver.cpp, line 774]
Event: 1781.722 Thread 0x000002e9f1c3d150 Exception <a 'java/lang/ArrayIndexOutOfBoundsException'{0x0000000085c1b648}: Index 28 out of bounds for length 28> (0x0000000085c1b648) 
thrown [s\src\hotspot\share\interpreter\interpreterRuntime.cpp, line 436]
Event: 1781.722 Thread 0x000002e9f1c3d150 Exception <a 'java/lang/ArrayIndexOutOfBoundsException'{0x0000000085c1bc20}: Index 28 out of bounds for length 28> (0x0000000085c1bc20) 
thrown [s\src\hotspot\share\interpreter\interpreterRuntime.cpp, line 436]
Event: 1781.738 Thread 0x000002e9f1c3d150 Exception <a 'java/lang/ArrayIndexOutOfBoundsException'{0x0000000085c6cd08}: Index 21 out of bounds for length 21> (0x0000000085c6cd08) 
thrown [s\src\hotspot\share\interpreter\interpreterRuntime.cpp, line 436]
Event: 1781.739 Thread 0x000002e9f1c3d150 Exception <a 'java/lang/ArrayIndexOutOfBoundsException'{0x0000000085c6d2e0}: Index 21 out of bounds for length 21> (0x0000000085c6d2e0) 
thrown [s\src\hotspot\share\interpreter\interpreterRuntime.cpp, line 436]
Event: 1782.068 Thread 0x000002e9f1c3d150 Exception <a 'java/lang/NoSuchMethodError'{0x0000000087f1bab0}: 'int java.lang.invoke.DirectMethodHandle$Holder.invokeVirtual(java.lang.Object, java.lang.Object, java.lang.Object, java.lang.Object)'> (0x0000000087f1bab0) 
thrown [s\src\hotspot\share\interpreter\linkResolver.cpp, line 774]
Event: 1782.069 Thread 0x000002e9f1c3d150 Exception <a 'java/lang/NoSuchMethodError'{0x0000000087f1f098}: 'int java.lang.invoke.DelegatingMethodHandle$Holder.reinvoke_L(java.lang.Object, java.lang.Object, java.lang.Object, java.lang.Object)'> (0x0000000087f1f098) 
thrown [s\src\hotspot\share\interpreter\linkResolver.cpp, line 774]
Event: 1782.090 Thread 0x000002e9f1c3d150 Exception <a 'java/io/FileNotFoundException'{0x0000000087f7b470}> (0x0000000087f7b470) 
thrown [s\src\hotspot\share\prims\jni.cpp, line 520]
Event: 1792.316 Thread 0x000002e9f2700680 Exception <a 'java/lang/NoSuchMethodError'{0x00000000875b9090}: static [Ljava/lang/StackTraceElement;.<clinit>()V> (0x00000000875b9090) 
thrown [s\src\hotspot\share\prims\jni.cpp, line 1111]

ZGC Phase Switch (0 events):
No events

VM Operations (20 events):
Event: 1787.325 Executing VM operation: get/set locals
Event: 1787.325 Executing VM operation: get/set locals done
Event: 1787.327 Executing VM operation: get/set locals
Event: 1787.328 Executing VM operation: get/set locals done
Event: 1787.329 Executing VM operation: get/set locals
Event: 1787.330 Executing VM operation: get/set locals done
Event: 1787.332 Executing VM operation: get/set locals
Event: 1787.332 Executing VM operation: get/set locals done
Event: 1787.335 Executing VM operation: get/set locals
Event: 1787.335 Executing VM operation: get/set locals done
Event: 1787.337 Executing VM operation: get/set locals
Event: 1787.338 Executing VM operation: get/set locals done
Event: 1797.345 Executing VM operation: ChangeSingleStep
Event: 1797.345 Executing VM operation: ChangeSingleStep done
Event: 1797.346 Executing VM operation: ChangeSingleStep
Event: 1797.346 Executing VM operation: ChangeSingleStep done
Event: 1797.391 Executing VM operation: RedefineClasses
Event: 1797.451 Executing VM operation: RedefineClasses done
Event: 1797.455 Executing VM operation: ChangeSingleStep
Event: 1797.455 Executing VM operation: ChangeSingleStep done

Memory protections (0 events):
No events

Nmethod flushes (20 events):
Event: 1781.965 Thread 0x000002e9ec6996d0 flushing  nmethod 0x000002e9e46a8190
Event: 1781.965 Thread 0x000002e9ec6996d0 flushing  nmethod 0x000002e9e472b590
Event: 1781.965 Thread 0x000002e9ec6996d0 flushing  nmethod 0x000002e9e4731490
Event: 1781.965 Thread 0x000002e9ec6996d0 flushing  nmethod 0x000002e9e4915c90
Event: 1781.965 Thread 0x000002e9ec6996d0 flushing  nmethod 0x000002e9e4b42310
Event: 1781.965 Thread 0x000002e9ec6996d0 flushing  nmethod 0x000002e9e525b590
Event: 1781.965 Thread 0x000002e9ec6996d0 flushing  nmethod 0x000002e9e44e3d90
Event: 1781.965 Thread 0x000002e9ec6996d0 flushing  nmethod 0x000002e9e4607110
Event: 1781.965 Thread 0x000002e9ec6996d0 flushing  nmethod 0x000002e9e4715a10
Event: 1781.965 Thread 0x000002e9ec6996d0 flushing  nmethod 0x000002e9e4c46590
Event: 1781.965 Thread 0x000002e9ec6996d0 flushing  nmethod 0x000002e9e4df4a90
Event: 1781.965 Thread 0x000002e9ec6996d0 flushing  nmethod 0x000002e9e5221d90
Event: 1781.965 Thread 0x000002e9ec6996d0 flushing  nmethod 0x000002e9e4819810
Event: 1781.965 Thread 0x000002e9ec6996d0 flushing  nmethod 0x000002e9e49b8210
Event: 1781.965 Thread 0x000002e9ec6996d0 flushing  nmethod 0x000002e9e49ba890
Event: 1781.965 Thread 0x000002e9ec6996d0 flushing  nmethod 0x000002e9e5091f90
Event: 1781.965 Thread 0x000002e9ec6996d0 flushing  nmethod 0x000002e9e513a790
Event: 1781.965 Thread 0x000002e9ec6996d0 flushing  nmethod 0x000002e9e463db90
Event: 1781.965 Thread 0x000002e9ec6996d0 flushing  nmethod 0x000002e9e48f4910
Event: 1781.965 Thread 0x000002e9ec6996d0 flushing  nmethod 0x000002e9e4995090

Events (20 events):
Event: 1780.140 Thread 0x000002e9f9788d10 Thread exited: 0x000002e9f9788d10
Event: 1780.140 Thread 0x000002e9f1c3ff40 Thread exited: 0x000002e9f1c3ff40
Event: 1780.153 Thread 0x000002e9f26fb7c0 Thread exited: 0x000002e9f26fb7c0
Event: 1780.182 Thread 0x000002e9f1c3d7e0 Thread exited: 0x000002e9f1c3d7e0
Event: 1780.183 Thread 0x000002e9f1c3de70 Thread exited: 0x000002e9f1c3de70
Event: 1780.255 Thread 0x000002e9f1c3f8b0 Thread exited: 0x000002e9f1c3f8b0
Event: 1780.257 Thread 0x000002e9f9787ff0 Thread added: 0x000002e9f1c3ff40
Event: 1780.258 Thread 0x000002e9f1c3ff40 Thread exited: 0x000002e9f1c3ff40
Event: 1780.258 Thread 0x000002e9f9787ff0 Thread added: 0x000002e9f1c3d150
Event: 1780.547 Thread 0x000002e9f1c3d150 Thread added: 0x000002e9f1c3f220
Event: 1780.676 Thread 0x000002e9f1c3f220 Thread exited: 0x000002e9f1c3f220
Event: 1782.377 Thread 0x000002e9f1c3d150 Thread added: 0x000002e9f1c3f220
Event: 1782.378 Thread 0x000002e9f1c3d150 Thread added: 0x000002e9f1c3d7e0
Event: 1782.378 Thread 0x000002e9f1c3d150 Thread added: 0x000002e9f1c3f8b0
Event: 1782.595 Thread 0x000002e9f1c3d150 Thread added: 0x000002e9f1c3ff40
Event: 1782.698 Thread 0x000002e9f1c3ff40 Thread added: 0x000002e9f1c3de70
Event: 1788.258 Thread 0x000002e9f45ef9a0 Thread exited: 0x000002e9f45ef9a0
Event: 1788.290 Thread 0x000002e9f1c3de70 Thread exited: 0x000002e9f1c3de70
Event: 1797.377 Thread 0x000002e9f45f0070 Thread exited: 0x000002e9f45f0070
Event: 1797.377 Thread 0x000002e9f45f0e10 Thread exited: 0x000002e9f45f0e10


Dynamic libraries:
0x00007ff706b00000 - 0x00007ff706b0e000 	C:\Users\SADHANA\.p2\pool\plugins\org.eclipse.justj.openjdk.hotspot.jre.full.win32.x86_64_22.0.2.v20240802-1626\jre\bin\javaw.exe
0x00007ffeda8b0000 - 0x00007ffedaac7000 	C:\Windows\SYSTEM32\ntdll.dll
0x00007ffed9e90000 - 0x00007ffed9f54000 	C:\Windows\System32\KERNEL32.DLL
0x00007ffed8030000 - 0x00007ffed83dd000 	C:\Windows\System32\KERNELBASE.dll
0x00007ffed7d40000 - 0x00007ffed7e51000 	C:\Windows\System32\ucrtbase.dll
0x00007ffec74b0000 - 0x00007ffec74c7000 	C:\Users\SADHANA\.p2\pool\plugins\org.eclipse.justj.openjdk.hotspot.jre.full.win32.x86_64_22.0.2.v20240802-1626\jre\bin\jli.dll
0x00007ffec6b20000 - 0x00007ffec6b3b000 	C:\Users\SADHANA\.p2\pool\plugins\org.eclipse.justj.openjdk.hotspot.jre.full.win32.x86_64_22.0.2.v20240802-1626\jre\bin\VCRUNTIME140.dll
0x00007ffed9290000 - 0x00007ffed943e000 	C:\Windows\System32\USER32.dll
0x00007ffed85b0000 - 0x00007ffed85d6000 	C:\Windows\System32\win32u.dll
0x00007ffed9cb0000 - 0x00007ffed9cd9000 	C:\Windows\System32\GDI32.dll
0x00007ffed7e60000 - 0x00007ffed7f79000 	C:\Windows\System32\gdi32full.dll
0x00007ffeb4f60000 - 0x00007ffeb51f3000 	C:\Windows\WinSxS\amd64_microsoft.windows.common-controls_6595b64144ccf1df_6.0.22621.3672_none_2713b9d173822955\COMCTL32.dll
0x00007ffed83e0000 - 0x00007ffed847a000 	C:\Windows\System32\msvcp_win.dll
0x00007ffed8f60000 - 0x00007ffed9007000 	C:\Windows\System32\msvcrt.dll
0x00007ffed9110000 - 0x00007ffed9141000 	C:\Windows\System32\IMM32.DLL
0x00007ffed12a0000 - 0x00007ffed12ac000 	C:\Users\SADHANA\.p2\pool\plugins\org.eclipse.justj.openjdk.hotspot.jre.full.win32.x86_64_22.0.2.v20240802-1626\jre\bin\vcruntime140_1.dll
0x00007ffec6cf0000 - 0x00007ffec6d7e000 	C:\Users\SADHANA\.p2\pool\plugins\org.eclipse.justj.openjdk.hotspot.jre.full.win32.x86_64_22.0.2.v20240802-1626\jre\bin\msvcp140.dll
0x00007ffe73330000 - 0x00007ffe740f3000 	C:\Users\SADHANA\.p2\pool\plugins\org.eclipse.justj.openjdk.hotspot.jre.full.win32.x86_64_22.0.2.v20240802-1626\jre\bin\server\jvm.dll
0x00007ffeda4a0000 - 0x00007ffeda552000 	C:\Windows\System32\ADVAPI32.dll
0x00007ffeda650000 - 0x00007ffeda6f9000 	C:\Windows\System32\sechost.dll
0x00007ffed7f80000 - 0x00007ffed7fa8000 	C:\Windows\System32\bcrypt.dll
0x00007ffeda380000 - 0x00007ffeda494000 	C:\Windows\System32\RPCRT4.dll
0x00007ffed85e0000 - 0x00007ffed8651000 	C:\Windows\System32\WS2_32.dll
0x00007ffed7aa0000 - 0x00007ffed7aed000 	C:\Windows\SYSTEM32\POWRPROF.dll
0x00007ffed40f0000 - 0x00007ffed40fa000 	C:\Windows\SYSTEM32\VERSION.dll
0x00007ffecf0c0000 - 0x00007ffecf0f4000 	C:\Windows\SYSTEM32\WINMM.dll
0x00007ffed7a80000 - 0x00007ffed7a93000 	C:\Windows\SYSTEM32\UMPDC.dll
0x00007ffed6c20000 - 0x00007ffed6c38000 	C:\Windows\SYSTEM32\kernel.appcore.dll
0x00007ffed4450000 - 0x00007ffed445a000 	C:\Users\SADHANA\.p2\pool\plugins\org.eclipse.justj.openjdk.hotspot.jre.full.win32.x86_64_22.0.2.v20240802-1626\jre\bin\jimage.dll
0x00007ffed5420000 - 0x00007ffed5652000 	C:\Windows\SYSTEM32\DBGHELP.DLL
0x00007ffed9f70000 - 0x00007ffeda2fe000 	C:\Windows\System32\combase.dll
0x00007ffed8950000 - 0x00007ffed8a27000 	C:\Windows\System32\OLEAUT32.dll
0x00007ffec51f0000 - 0x00007ffec5222000 	C:\Windows\SYSTEM32\dbgcore.DLL
0x00007ffed7fb0000 - 0x00007ffed802b000 	C:\Windows\System32\bcryptPrimitives.dll
0x00007ffec7870000 - 0x00007ffec78ac000 	C:\Users\SADHANA\.p2\pool\plugins\org.eclipse.justj.openjdk.hotspot.jre.full.win32.x86_64_22.0.2.v20240802-1626\jre\bin\jdwp.dll
0x00007ffec7fe0000 - 0x00007ffec7fef000 	C:\Users\SADHANA\.p2\pool\plugins\org.eclipse.justj.openjdk.hotspot.jre.full.win32.x86_64_22.0.2.v20240802-1626\jre\bin\instrument.dll
0x00007ffed36e0000 - 0x00007ffed36fe000 	C:\Users\SADHANA\.p2\pool\plugins\org.eclipse.justj.openjdk.hotspot.jre.full.win32.x86_64_22.0.2.v20240802-1626\jre\bin\java.dll
0x00007ffed9440000 - 0x00007ffed9ca7000 	C:\Windows\System32\SHELL32.dll
0x00007ffed9ce0000 - 0x00007ffed9e85000 	C:\Windows\System32\ole32.dll
0x00007ffed0970000 - 0x00007ffed0987000 	C:\Users\SADHANA\.p2\pool\plugins\org.eclipse.justj.openjdk.hotspot.jre.full.win32.x86_64_22.0.2.v20240802-1626\jre\bin\zip.dll
0x00007ffed5b50000 - 0x00007ffed644f000 	C:\Windows\SYSTEM32\windows.storage.dll
0x00007ffed5a10000 - 0x00007ffed5b4f000 	C:\Windows\SYSTEM32\wintypes.dll
0x00007ffed9010000 - 0x00007ffed9109000 	C:\Windows\System32\SHCORE.dll
0x00007ffed8660000 - 0x00007ffed86be000 	C:\Windows\System32\shlwapi.dll
0x00007ffed7b00000 - 0x00007ffed7b27000 	C:\Windows\SYSTEM32\profapi.dll
0x00007ffec7fd0000 - 0x00007ffec7fdc000 	C:\Users\SADHANA\.p2\pool\plugins\org.eclipse.justj.openjdk.hotspot.jre.full.win32.x86_64_22.0.2.v20240802-1626\jre\bin\dt_socket.dll
0x00007ffed66f0000 - 0x00007ffed671d000 	C:\Windows\SYSTEM32\IPHLPAPI.DLL
0x00007ffed7090000 - 0x00007ffed70f9000 	C:\Windows\system32\mswsock.dll
0x00007ffed6720000 - 0x00007ffed6818000 	C:\Windows\SYSTEM32\DNSAPI.dll
0x00007ffed9280000 - 0x00007ffed9289000 	C:\Windows\System32\NSI.dll
0x00007ffecfb30000 - 0x00007ffecfb3a000 	C:\Windows\System32\rasadhlp.dll
0x00007ffed2740000 - 0x00007ffed27c3000 	C:\Windows\System32\fwpuclnt.dll
0x00007ffed0760000 - 0x00007ffed0770000 	C:\Users\SADHANA\.p2\pool\plugins\org.eclipse.justj.openjdk.hotspot.jre.full.win32.x86_64_22.0.2.v20240802-1626\jre\bin\net.dll
0x00007ffec7f80000 - 0x00007ffec7f96000 	C:\Users\SADHANA\.p2\pool\plugins\org.eclipse.justj.openjdk.hotspot.jre.full.win32.x86_64_22.0.2.v20240802-1626\jre\bin\nio.dll
0x00007ffed0770000 - 0x00007ffed077a000 	C:\Users\SADHANA\.p2\pool\plugins\org.eclipse.justj.openjdk.hotspot.jre.full.win32.x86_64_22.0.2.v20240802-1626\jre\bin\management.dll
0x00007ffec7640000 - 0x00007ffec764b000 	C:\Users\SADHANA\.p2\pool\plugins\org.eclipse.justj.openjdk.hotspot.jre.full.win32.x86_64_22.0.2.v20240802-1626\jre\bin\management_ext.dll
0x00007ffeda860000 - 0x00007ffeda868000 	C:\Windows\System32\PSAPI.DLL
0x00007ffeb5670000 - 0x00007ffeb5687000 	C:\Windows\system32\napinsp.dll
0x00007ffeb5650000 - 0x00007ffeb566b000 	C:\Windows\system32\pnrpnsp.dll
0x00007ffeb5630000 - 0x00007ffeb5641000 	C:\Windows\System32\winrnr.dll
0x00007ffeb5610000 - 0x00007ffeb5625000 	C:\Windows\system32\wshbth.dll
0x00007ffeb55e0000 - 0x00007ffeb5607000 	C:\Windows\system32\nlansp_c.dll
0x00007ffed72e0000 - 0x00007ffed72fb000 	C:\Windows\SYSTEM32\CRYPTSP.dll
0x00007ffed6b80000 - 0x00007ffed6bb5000 	C:\Windows\system32\rsaenh.dll
0x00007ffed7180000 - 0x00007ffed71a8000 	C:\Windows\SYSTEM32\USERENV.dll
0x00007ffed7300000 - 0x00007ffed730c000 	C:\Windows\SYSTEM32\CRYPTBASE.dll
0x00007ffec8a50000 - 0x00007ffec8a59000 	C:\Users\SADHANA\.p2\pool\plugins\org.eclipse.justj.openjdk.hotspot.jre.full.win32.x86_64_22.0.2.v20240802-1626\jre\bin\extnet.dll
0x00007ffed12c0000 - 0x00007ffed12d0000 	C:\Users\SADHANA\.p2\pool\plugins\org.eclipse.justj.openjdk.hotspot.jre.full.win32.x86_64_22.0.2.v20240802-1626\jre\bin\verify.dll
0x00007ffed12b0000 - 0x00007ffed12be000 	C:\Users\SADHANA\.p2\pool\plugins\org.eclipse.justj.openjdk.hotspot.jre.full.win32.x86_64_22.0.2.v20240802-1626\jre\bin\sunmscapi.dll
0x00007ffed7bd0000 - 0x00007ffed7d36000 	C:\Windows\System32\CRYPT32.dll
0x00007ffed74a0000 - 0x00007ffed74ce000 	C:\Windows\SYSTEM32\ncrypt.dll
0x00007ffed7460000 - 0x00007ffed7497000 	C:\Windows\SYSTEM32\NTASN1.dll
0x00007ffec7fa0000 - 0x00007ffec7fa8000 	C:\Windows\system32\wshunix.dll

dbghelp: loaded successfully - version: 4.0.5 - missing functions: none
symbol engine: initialized successfully - sym options: 0x614 - pdb path: .;C:\Users\SADHANA\.p2\pool\plugins\org.eclipse.justj.openjdk.hotspot.jre.full.win32.x86_64_22.0.2.v20240802-1626\jre\bin;C:\Windows\SYSTEM32;C:\Windows\WinSxS\amd64_microsoft.windows.common-controls_6595b64144ccf1df_6.0.22621.3672_none_2713b9d173822955;C:\Users\SADHANA\.p2\pool\plugins\org.eclipse.justj.openjdk.hotspot.jre.full.win32.x86_64_22.0.2.v20240802-1626\jre\bin\server

VM Arguments:
jvm_args: -XX:+ShowCodeDetailsInExceptionMessages -agentlib:jdwp=transport=dt_socket,suspend=y,address=localhost:53580 -Dcom.sun.management.jmxremote -Dcom.sun.management.jmxremote.port=53579 -Dcom.sun.management.jmxremote.authenticate=false -Dcom.sun.management.jmxremote.ssl=false -Djava.rmi.server.hostname=localhost -Dspring.jmx.enabled=true -Dmanagement.endpoints.jmx.exposure.include=* -Dspring.application.admin.enabled=true -XX:TieredStopAtLevel=1 -Dspring.boot.project.name=fit4life -javaagent:C:\Users\SADHANA\eclipse\jee-2024-06\eclipse\configuration\org.eclipse.osgi\448\0\.cp\lib\javaagent-shaded.jar -Dfile.encoding=UTF-8 -Dstdout.encoding=UTF-8 -Dstderr.encoding=UTF-8 
java_command: com.ojt.project.Fit4LifeApplication --spring.output.ansi.enabled=always
java_class_path (initial): C:\Users\SADHANA\Desktop\OJT Project\Fit4Life-Team-6\fit4life\target\classes;C:\Users\SADHANA\.m2\repository\org\springframework\boot\spring-boot-starter-actuator\3.3.2\spring-boot-starter-actuator-3.3.2.jar;C:\Users\SADHANA\.m2\repository\org\springframework\boot\spring-boot-starter\3.3.2\spring-boot-starter-3.3.2.jar;C:\Users\SADHANA\.m2\repository\org\springframework\boot\spring-boot-starter-logging\3.3.2\spring-boot-starter-logging-3.3.2.jar;C:\Users\SADHANA\.m2\repository\ch\qos\logback\logback-classic\1.5.6\logback-classic-1.5.6.jar;C:\Users\SADHANA\.m2\repository\ch\qos\logback\logback-core\1.5.6\logback-core-1.5.6.jar;C:\Users\SADHANA\.m2\repository\org\apache\logging\log4j\log4j-to-slf4j\2.23.1\log4j-to-slf4j-2.23.1.jar;C:\Users\SADHANA\.m2\repository\org\apache\logging\log4j\log4j-api\2.23.1\log4j-api-2.23.1.jar;C:\Users\SADHANA\.m2\repository\org\slf4j\jul-to-slf4j\2.0.13\jul-to-slf4j-2.0.13.jar;C:\Users\SADHANA\.m2\repository\jakarta\annotation\jakarta.annotation-api\2.1.1\jakarta.annotation-api-2.1.1.jar;C:\Users\SADHANA\.m2\repository\org\yaml\snakeyaml\2.2\snakeyaml-2.2.jar;C:\Users\SADHANA\.m2\repository\org\springframework\boot\spring-boot-actuator-autoconfigure\3.3.2\spring-boot-actuator-autoconfigure-3.3.2.jar;C:\Users\SADHANA\.m2\repository\org\springframework\boot\spring-boot-actuator\3.3.2\spring-boot-actuator-3.3.2.jar;C:\Users\SADHANA\.m2\repository\com\fasterxml\jackson\core\jackson-databind\2.17.2\jackson-databind-2.17.2.jar;C:\Users\SADHANA\.m2\repository\com\fasterxml\jackson\core\jackson-annotations\2.17.2\jackson-annotations-2.17.2.jar;C:\Users\SADHANA\.m2\repository\com\fasterxml\jackson\core\jackson-core\2.17.2\jackson-core-2.17.2.jar;C:\Users\SADHANA\.m2\repository\com\fasterxml\jackson\datatype\jackson-datatype-jsr310\2.17.2\jackson-datatype-jsr310-2.17.2.jar;C:\Users\SADHANA\.m2\repository\io\micrometer\micrometer-observation\1.13.2\micrometer-observation-1.13.2.jar;C:\Users\SADHANA\.m2\repository\io\micrometer\micrometer-commons\1.13.2\micrometer-commons-1.13.2.jar;C:\Users\SADHANA\.m2\repository\io\micrometer\micrometer-jakarta9\1.13.2\micrometer-jakarta9-1.13.2.jar;C:\Users\SADHANA\.m2\repository\io\micrometer\micrometer-core\1.13.2\micrometer-core-1.13.2.jar;C:\Users\SADHANA\.m2\repository\org\hdrhistogram\HdrHistogram\2.2.2\HdrHistogram-2.2.2.jar;C:\Users\SADHANA\.m2\repository\org\latencyutils\LatencyUtils\2.0.3\LatencyUtils-2.0.3.jar;C:\Users\SADHANA\.m2\repository\org\springframework\boot\spring-boot-starter-thymeleaf\3.3.2\spring-boot-starter-thymeleaf-3.3.2.jar;C:\Users\SADHANA\.m2\repository\org\thymeleaf\thymeleaf-spring6\3.1.2.RELEASE\thymeleaf-spring6-3.1.2.RELEASE.jar;C:\Users\SADHANA\.m2\repository\org\thymeleaf\thymeleaf\3.1.2.RELEASE\thymeleaf-3.1.2.RELEASE.jar;C:\Users\SADHANA\.m2\repository\org\attoparser\attoparser\2.0.7.RELEASE\attoparser-2.0.7.RELEASE.jar;C:\Users\SADHANA\.m2\repository\org\unbescape\unbescape\1.1.6.RELEASE\unbescape-1.1.6.RELEASE.jar;C:\Users\SADHANA\.m2\repository\org\slf4j\slf4j-api\2.0.13\slf4j-api-2.0.13.jar;C:\Users\SADHANA\.m2\repository\org\springframework\boot\spring-boot-starter-validation\3.3.2\spring-boot-starter-validation-3.3.2.jar;C:\Users\SADHANA\.m2\repository\org\apache\tomcat\embed\tomcat-embed-el\10.1.26\tomcat-embed-el-10.1.26.jar;C:\Users\SADHANA\.m2\repository\org\hibernate\validator\hibernate-validator\8.0.1.Final\hibernate-validator-8.0.1.Final.jar;C:\Users\SADHANA\.m2\repository\jakarta\validation\jakarta.validation-api\3.0.2\jakarta.validation-api-3.0.2.jar;C:\Users\SADHANA\.m2\repository\org\jboss\logging\jboss-logging\3.5.3.Final\jboss-logging-3.5.3.Final.jar;C:\Users\SADHANA\.m2\repository\com\fasterxml\classmate\1.7.0\classmate-1.7.0.jar;C:\Users\SADHANA\.m2\repository\jakarta\persistence\jakarta.persistence-api\3.1.0\jakarta.persistence-api-3.1.0.jar;C:\Users\SADHANA\.m2\repository\org\springframework\boot\spring-boot-starter-web\3.3.2\spring-boot-starter-web-3.3.2.jar;C:\Users\SADHANA\.m2\repository\org\springframework\boot\spring-boot-starter-json\3.3.2\spring-boot-starter-json-3.3.2.jar;C:\Users\SADHANA\.m2\repository\com\fasterxml\jackson\datatype\jackson-datatype-jdk8\2.17.2\jackson-datatype-jdk8-2.17.2.jar;C:\Users\SADHANA\.m2\repository\com\fasterxml\jackson\module\jackson-module-parameter-names\2.17.2\jackson-module-parameter-names-2.17.2.jar;C:\Users\SADHANA\.m2\repository\org\springframework\boot\spring-boot-starter-tomcat\3.3.2\spring-boot-starter-tomcat-3.3.2.jar;C:\Users\SADHANA\.m2\repository\org\apache\tomcat\embed\tomcat-embed-core\10.1.26\tomcat-embed-core-10.1.26.jar;C:\Users\SADHANA\.m2\repository\org\apache\tomcat\embed\tomcat-embed-websocket\10.1.26\tomcat-embed-websocket-10.1.26.jar;C:\Users\SADHANA\.m2\repository\org\springframework\spring-web\6.1.11\spring-web-6.1.11.jar;C:\Users\SADHANA\.m2\repository\org\springframework\spring-beans\6.1.11\spring-beans-6.1.11.jar;C:\Users\SADHANA\.m2\repository\org\springframework\spring-webmvc\6.1.11\spring-webmvc-6.1.11.jar;C:\Users\SADHANA\.m2\repository\org\springframework\spring-aop\6.1.11\spring-aop-6.1.11.jar;C:\Users\SADHANA\.m2\repository\org\springframework\spring-context\6.1.11\spring-context-6.1.11.jar;C:\Users\SADHANA\.m2\repository\org\springframework\spring-expression\6.1.11\spring-expression-6.1.11.jar;C:\Users\SADHANA\.m2\repository\org\springframework\boot\spring-boot-starter-data-jpa\3.3.2\spring-boot-starter-data-jpa-3.3.2.jar;C:\Users\SADHANA\.m2\repository\org\springframework\boot\spring-boot-starter-aop\3.3.2\spring-boot-starter-aop-3.3.2.jar;C:\Users\SADHANA\.m2\repository\org\aspectj\aspectjweaver\1.9.22.1\aspectjweaver-1.9.22.1.jar;C:\Users\SADHANA\.m2\repository\org\springframework\boot\spring-boot-starter-jdbc\3.3.2\spring-boot-starter-jdbc-3.3.2.jar;C:\Users\SADHANA\.m2\repository\com\zaxxer\HikariCP\5.1.0\HikariCP-5.1.0.jar;C:\Users\SADHANA\.m2\repository\org\springframework\spring-jdbc\6.1.11\spring-jdbc-6.1.11.jar;C:\Users\SADHANA\.m2\repository\org\hibernate\orm\hibernate-core\6.5.2.Final\hibernate-core-6.5.2.Final.jar;C:\Users\SADHANA\.m2\repository\jakarta\transaction\jakarta.transaction-api\2.0.1\jakarta.transaction-api-2.0.1.jar;C:\Users\SADHANA\.m2\repository\org\hibernate\common\hibernate-commons-annotations\6.0.6.Final\hibernate-commons-annotations-6.0.6.Final.jar;C:\Users\SADHANA\.m2\repository\io\smallrye\jandex\3.1.2\jandex-3.1.2.jar;C:\Users\SADHANA\.m2\repository\net\bytebuddy\byte-buddy\1.14.18\byte-buddy-1.14.18.jar;C:\Users\SADHANA\.m2\repository\org\glassfish\jaxb\jaxb-runtime\4.0.5\jaxb-runtime-4.0.5.jar;C:\Users\SADHANA\.m2\repository\org\glassfish\jaxb\jaxb-core\4.0.5\jaxb-core-4.0.5.jar;C:\Users\SADHANA\.m2\repository\org\eclipse\angus\angus-activation\2.0.2\angus-activation-2.0.2.jar;C:\Users\SADHANA\.m2\repository\org\glassfish\jaxb\txw2\4.0.5\txw2-4.0.5.jar;C:\Users\SADHANA\.m2\repository\com\sun\istack\istack-commons-runtime\4.1.2\istack-commons-runtime-4.1.2.jar;C:\Users\SADHANA\.m2\repository\jakarta\inject\jakarta.inject-api\2.0.1\jakarta.inject-api-2.0.1.jar;C:\Users\SADHANA\.m2\repository\org\antlr\antlr4-runtime\4.13.0\antlr4-runtime-4.13.0.jar;C:\Users\SADHANA\.m2\repository\org\springframework\data\spring-data-jpa\3.3.2\spring-data-jpa-3.3.2.jar;C:\Users\SADHANA\.m2\repository\org\springframework\data\spring-data-commons\3.3.2\spring-data-commons-3.3.2.jar;C:\Users\SADHANA\.m2\repository\org\springframework\spring-orm\6.1.11\spring-orm-6.1.11.jar;C:\Users\SADHANA\.m2\repository\org\springframework\spring-tx\6.1.11\spring-tx-6.1.11.jar;C:\Users\SADHANA\.m2\repository\org\springframework\spring-aspects\6.1.11\spring-aspects-6.1.11.jar;C:\Users\SADHANA\.m2\repository\com\mysql\mysql-connector-j\8.0.33\mysql-connector-j-8.0.33.jar;C:\Users\SADHANA\.m2\repository\org\springframework\boot\spring-boot-devtools\3.3.2\spring-boot-devtools-3.3.2.jar;C:\Users\SADHANA\.m2\repository\org\springframework\boot\spring-boot\3.3.2\spring-boot-3.3.2.jar;C:\Users\SADHANA\.m2\repository\org\springframework\boot\spring-boot-autoconfigure\3.3.2\spring-boot-autoconfigure-3.3.2.jar;C:\Users\SADHANA\.m2\repository\jakarta\xml\bind\jakarta.xml.bind-api\4.0.2\jakarta.xml.bind-api-4.0.2.jar;C:\Users\SADHANA\.m2\repository\jakarta\activation\jakarta.activation-api\2.1.3\jakarta.activation-api-2.1.3.jar;C:\Users\SADHANA\.m2\repository\org\springframework\spring-core\6.1.11\spring-core-6.1.11.jar;C:\Users\SADHANA\.m2\repository\org\springframework\spring-jcl\6.1.11\spring-jcl-6.1.11.jar
Launcher Type: SUN_STANDARD

[Global flags]
     intx CICompilerCount                          = 4                                         {product} {ergonomic}
     uint ConcGCThreads                            = 2                                         {product} {ergonomic}
     uint G1ConcRefinementThreads                  = 8                                         {product} {ergonomic}
   size_t G1HeapRegionSize                         = 1048576                                   {product} {ergonomic}
   size_t InitialHeapSize                          = 132120576                                 {product} {ergonomic}
     bool ManagementServer                         = true                                      {product} {command line}
   size_t MarkStackSize                            = 4194304                                   {product} {ergonomic}
   size_t MaxHeapSize                              = 2097152000                                {product} {ergonomic}
   size_t MaxNewSize                               = 1258291200                                {product} {ergonomic}
   size_t MinHeapDeltaBytes                        = 1048576                                   {product} {ergonomic}
   size_t MinHeapSize                              = 8388608                                   {product} {ergonomic}
    uintx NonNMethodCodeHeapSize                   = 4096                                   {pd product} {ergonomic}
    uintx NonProfiledCodeHeapSize                  = 0                                      {pd product} {ergonomic}
     bool ProfileInterpreter                       = false                                  {pd product} {command line}
    uintx ProfiledCodeHeapSize                     = 0                                      {pd product} {ergonomic}
     bool ShowCodeDetailsInExceptionMessages       = true                                   {manageable} {command line}
   size_t SoftMaxHeapSize                          = 2097152000                             {manageable} {ergonomic}
     intx TieredStopAtLevel                        = 1                                         {product} {command line}
     bool UseCompressedOops                        = true                           {product lp64_product} {ergonomic}
     bool UseG1GC                                  = true                                      {product} {ergonomic}
     bool UseLargePagesIndividualAllocation        = false                                  {pd product} {ergonomic}

Logging:
Log output configuration:
 #0: stdout all=warning uptime,level,tags foldmultilines=false
 #1: stderr all=off uptime,level,tags foldmultilines=false

Environment Variables:
PATH=C:\Users\SADHANA\.p2\pool\plugins\org.eclipse.justj.openjdk.hotspot.jre.full.win32.x86_64_22.0.2.v20240802-1626\jre\bin;C:/Users/SADHANA/.p2/pool/plugins/org.eclipse.justj.openjdk.hotspot.jre.full.win32.x86_64_22.0.2.v20240802-1626/jre/bin/server;C:/Users/SADHANA/.p2/pool/plugins/org.eclipse.justj.openjdk.hotspot.jre.full.win32.x86_64_22.0.2.v20240802-1626/jre/bin;C:\Program Files\Common Files\Oracle\Java\javapath;C:\Windows\system32;C:\Windows;C:\Windows\System32\Wbem;C:\Windows\System32\WindowsPowerShell\v1.0\;C:\Windows\System32\OpenSSH\;C:\Program Files\Git\cmd;C:\Program Files\MySQL\MySQL Shell 8.0\bin\;C:\Users\SADHANA\AppData\Local\Microsoft\WindowsApps;C:\Users\SADHANA\AppData\Local\Programs\Microsoft VS Code\bin;C:\Users\SADHANA\Desktop\Software\jdk-22_windows-x64_bin\jdk-22.0.2\bin;C:\Program Files\Java\jdk-22\bin;;C:\Users\SADHANA\Desktop;
USERNAME=SADHANA
OS=Windows_NT
PROCESSOR_IDENTIFIER=Intel64 Family 6 Model 142 Stepping 12, GenuineIntel
TMP=C:\Users\SADHANA\AppData\Local\Temp
TEMP=C:\Users\SADHANA\AppData\Local\Temp




Periodic native trim disabled

---------------  S Y S T E M  ---------------

OS:
 Windows 11 , 64 bit Build 22621 (10.0.22621.3958)
OS uptime: 0 days 8:01 hours

CPU: total 8 (initial active 8) (4 cores per cpu, 2 threads per core) family 6 model 142 stepping 12 microcode 0xfa, cx8, cmov, fxsr, ht, mmx, 3dnowpref, sse, sse2, sse3, ssse3, sse4.1, sse4.2, popcnt, lzcnt, tsc, tscinvbit, avx, avx2, aes, erms, clmul, bmi1, bmi2, adx, fma, vzeroupper, clflush, clflushopt, rdtscp, f16c
Processor Information for processor 0
  Max Mhz: 1896, Current Mhz: 1596, Mhz Limit: 1592
Processor Information for processor 1
  Max Mhz: 1896, Current Mhz: 1496, Mhz Limit: 1592
Processor Information for processor 2
  Max Mhz: 1896, Current Mhz: 1596, Mhz Limit: 1592
Processor Information for processor 3
  Max Mhz: 1896, Current Mhz: 1596, Mhz Limit: 1592
Processor Information for processor 4
  Max Mhz: 1896, Current Mhz: 1596, Mhz Limit: 1592
Processor Information for processor 5
  Max Mhz: 1896, Current Mhz: 1596, Mhz Limit: 1592
Processor Information for processor 6
  Max Mhz: 1896, Current Mhz: 1596, Mhz Limit: 1592
Processor Information for processor 7
  Max Mhz: 1896, Current Mhz: 1596, Mhz Limit: 1592

Memory: 4k page, system-wide physical 7998M (1775M free)
TotalPageFile size 12606M (AvailPageFile size 4151M)
current process WorkingSet (physical memory assigned to process): 303M, peak: 303M
current process commit charge ("private bytes"): 331M, peak: 344M

vm_info: OpenJDK 64-Bit Server VM (22.0.2+9) for windows-amd64 JRE (22.0.2+9), built on 2024-07-16T00:00:00Z by "admin" with MS VC++ 17.7 (VS2022)

END.
